[2026-02-10 07:55:00] laravel.EMERGENCY: Unable to create configured logger. Using emergency logger. {"exception":"[object] (InvalidArgumentException(code: 0): Log [] is not defined. at C:/Users/SPARK COMPUTERS MART/Videos/Ethiopian-academy-football-management-system/Ethiopian-academy-football-management-system/backend/vendor/laravel/framework/src/Illuminate/Log/LogManager.php:212)
[stacktrace]
#0 C:/Users/SPARK COMPUTERS MART/Videos/Ethiopian-academy-football-management-system/Ethiopian-academy-football-management-system/backend/vendor/laravel/framework/src/Illuminate/Log/LogManager.php(137): Illuminate/Log/LogManager->resolve(NULL, NULL)
#1 C:/Users/SPARK COMPUTERS MART/Videos/Ethiopian-academy-football-management-system/Ethiopian-academy-football-management-system/backend/vendor/laravel/framework/src/Illuminate/Log/LogManager.php(124): Illuminate/Log/LogManager->get(NULL)
#2 C:/Users/SPARK COMPUTERS MART/Videos/Ethiopian-academy-football-management-system/Ethiopian-academy-football-management-system/backend/vendor/laravel/framework/src/Illuminate/Log/LogManager.php(681): Illuminate/Log/LogManager->driver()
#3 C:/Users/SPARK COMPUTERS MART/Videos/Ethiopian-academy-football-management-system/Ethiopian-academy-football-management-system/backend/vendor/laravel/framework/src/Illuminate/Foundation/Exceptions/Handler.php(317): Illuminate/Log/LogManager->error('RecursiveDirect...', Array)
#4 C:/Users/SPARK COMPUTERS MART/Videos/Ethiopian-academy-football-management-system/Ethiopian-academy-football-management-system/backend/vendor/laravel/framework/src/Illuminate/Foundation/Exceptions/Handler.php(278): Illuminate/Foundation/Exceptions/Handler->reportThrowable(Object(ValueError))
#5 C:/Users/SPARK COMPUTERS MART/Videos/Ethiopian-academy-football-management-system/Ethiopian-academy-football-management-system/backend/vendor/laravel/framework/src/Illuminate/Foundation/Console/Kernel.php(523): Illuminate/Foundation/Exceptions/Handler->report(Object(ValueError))
#6 C:/Users/SPARK COMPUTERS MART/Videos/Ethiopian-academy-football-management-system/Ethiopian-academy-football-management-system/backend/vendor/laravel/framework/src/Illuminate/Foundation/Console/Kernel.php(203): Illuminate/Foundation/Console/Kernel->reportException(Object(ValueError))
#7 C:/Users/SPARK COMPUTERS MART/Videos/Ethiopian-academy-football-management-system/Ethiopian-academy-football-management-system/backend/artisan(51): Illuminate/Foundation/Console/Kernel->handle(Object(Symfony/Component/Console/Input/ArgvInput), Object(Symfony/Component/Console/Output/ConsoleOutput))
#8 {main}
"} 
[2026-02-10 07:55:00] laravel.ERROR: RecursiveDirectoryIterator::__construct(): Argument #1 ($directory) cannot be empty {"exception":"[object] (ValueError(code: 0): RecursiveDirectoryIterator::__construct(): Argument #1 ($directory) cannot be empty at C:/Users/SPARK COMPUTERS MART/Videos/Ethiopian-academy-football-management-system/Ethiopian-academy-football-management-system/backend/vendor/symfony/finder/Iterator/RecursiveDirectoryIterator.php:43)
[stacktrace]
#0 C:/Users/SPARK COMPUTERS MART/Videos/Ethiopian-academy-football-management-system/Ethiopian-academy-football-management-system/backend/vendor/symfony/finder/Iterator/RecursiveDirectoryIterator.php(43): RecursiveDirectoryIterator->__construct('', 4096)
#1 C:/Users/SPARK COMPUTERS MART/Videos/Ethiopian-academy-football-management-system/Ethiopian-academy-football-management-system/backend/vendor/symfony/finder/Finder.php(788): Symfony/Component/Finder/Iterator/RecursiveDirectoryIterator->__construct('', 4096, false)
#2 C:/Users/SPARK COMPUTERS MART/Videos/Ethiopian-academy-football-management-system/Ethiopian-academy-football-management-system/backend/vendor/symfony/finder/Finder.php(676): Symfony/Component/Finder/Finder->searchInDirectory('')
#3 C:/Users/SPARK COMPUTERS MART/Videos/Ethiopian-academy-football-management-system/Ethiopian-academy-football-management-system/backend/vendor/laravel/framework/src/Illuminate/Foundation/Bootstrap/LoadConfiguration.php(86): Symfony/Component/Finder/Finder->getIterator()
#4 C:/Users/SPARK COMPUTERS MART/Videos/Ethiopian-academy-football-management-system/Ethiopian-academy-football-management-system/backend/vendor/laravel/framework/src/Illuminate/Foundation/Bootstrap/LoadConfiguration.php(63): Illuminate/Foundation/Bootstrap/LoadConfiguration->getConfigurationFiles(Object(Illuminate/Foundation/Application))
#5 C:/Users/SPARK COMPUTERS MART/Videos/Ethiopian-academy-football-management-system/Ethiopian-academy-football-management-system/backend/vendor/laravel/framework/src/Illuminate/Foundation/Bootstrap/LoadConfiguration.php(39): Illuminate/Foundation/Bootstrap/LoadConfiguration->loadConfigurationFiles(Object(Illuminate/Foundation/Application), Object(Illuminate/Config/Repository))
#6 C:/Users/SPARK COMPUTERS MART/Videos/Ethiopian-academy-football-management-system/Ethiopian-academy-football-management-system/backend/vendor/laravel/framework/src/Illuminate/Foundation/Application.php(286): Illuminate/Foundation/Bootstrap/LoadConfiguration->bootstrap(Object(Illuminate/Foundation/Application))
#7 C:/Users/SPARK COMPUTERS MART/Videos/Ethiopian-academy-football-management-system/Ethiopian-academy-football-management-system/backend/vendor/laravel/framework/src/Illuminate/Foundation/Console/Kernel.php(447): Illuminate/Foundation/Application->bootstrapWith(Array)
#8 C:/Users/SPARK COMPUTERS MART/Videos/Ethiopian-academy-football-management-system/Ethiopian-academy-football-management-system/backend/vendor/laravel/framework/src/Illuminate/Foundation/Console/Kernel.php(199): Illuminate/Foundation/Console/Kernel->bootstrap()
#9 C:/Users/SPARK COMPUTERS MART/Videos/Ethiopian-academy-football-management-system/Ethiopian-academy-football-management-system/backend/artisan(51): Illuminate/Foundation/Console/Kernel->handle(Object(Symfony/Component/Console/Input/ArgvInput), Object(Symfony/Component/Console/Output/ConsoleOutput))
#10 {main}
"} 
[2026-02-10 07:57:02] production.ERROR: Method Illuminate\Support\Str::parseUrl does not exist. {"exception":"[object] (BadMethodCallException(code: 0): Method Illuminate\\Support\\Str::parseUrl does not exist. at C:/Users/SPARK COMPUTERS MART/Videos/Ethiopian-academy-football-management-system/Ethiopian-academy-football-management-system/backend/vendor/laravel/framework/src/Illuminate/Macroable/Traits/Macroable.php:86)
[stacktrace]
#0 C:/Users/SPARK COMPUTERS MART/Videos/Ethiopian-academy-football-management-system/Ethiopian-academy-football-management-system/backend/config/sanctum.php(8): Illuminate/Support/Str::__callStatic('parseUrl', Array)
#1 C:/Users/SPARK COMPUTERS MART/Videos/Ethiopian-academy-football-management-system/Ethiopian-academy-football-management-system/backend/vendor/laravel/framework/src/Illuminate/Foundation/Bootstrap/LoadConfiguration.php(70): require('C://Users//SPARK ...')
#2 C:/Users/SPARK COMPUTERS MART/Videos/Ethiopian-academy-football-management-system/Ethiopian-academy-football-management-system/backend/vendor/laravel/framework/src/Illuminate/Foundation/Bootstrap/LoadConfiguration.php(39): Illuminate/Foundation/Bootstrap/LoadConfiguration->loadConfigurationFiles(Object(Illuminate/Foundation/Application), Object(Illuminate/Config/Repository))
#3 C:/Users/SPARK COMPUTERS MART/Videos/Ethiopian-academy-football-management-system/Ethiopian-academy-football-management-system/backend/vendor/laravel/framework/src/Illuminate/Foundation/Application.php(286): Illuminate/Foundation/Bootstrap/LoadConfiguration->bootstrap(Object(Illuminate/Foundation/Application))
#4 C:/Users/SPARK COMPUTERS MART/Videos/Ethiopian-academy-football-management-system/Ethiopian-academy-football-management-system/backend/vendor/laravel/framework/src/Illuminate/Foundation/Console/Kernel.php(447): Illuminate/Foundation/Application->bootstrapWith(Array)
#5 C:/Users/SPARK COMPUTERS MART/Videos/Ethiopian-academy-football-management-system/Ethiopian-academy-football-management-system/backend/vendor/laravel/framework/src/Illuminate/Foundation/Console/Kernel.php(199): Illuminate/Foundation/Console/Kernel->bootstrap()
#6 C:/Users/SPARK COMPUTERS MART/Videos/Ethiopian-academy-football-management-system/Ethiopian-academy-football-management-system/backend/artisan(51): Illuminate/Foundation/Console/Kernel->handle(Object(Symfony/Component/Console/Input/ArgvInput), Object(Symfony/Component/Console/Output/ConsoleOutput))
#7 {main}
"} 
[2026-02-10 07:01:43] local.ERROR: Trying to access array offset on value of type null {"exception":"[object] (ErrorException(code: 0): Trying to access array offset on value of type null at C:/Users/SPARK COMPUTERS MART/Videos/Ethiopian-academy-football-management-system/Ethiopian-academy-football-management-system/backend/vendor/laravel/framework/src/Illuminate/Cookie/CookieServiceProvider.php:20)
[stacktrace]
#0 C:/Users/SPARK COMPUTERS MART/Videos/Ethiopian-academy-football-management-system/Ethiopian-academy-football-management-system/backend/vendor/laravel/framework/src/Illuminate/Foundation/Bootstrap/HandleExceptions.php(255): Illuminate/Foundation/Bootstrap/HandleExceptions->handleError(2, 'Trying to acces...', 'C://Users//SPARK ...', 20)
#1 C:/Users/SPARK COMPUTERS MART/Videos/Ethiopian-academy-football-management-system/Ethiopian-academy-football-management-system/backend/vendor/laravel/framework/src/Illuminate/Cookie/CookieServiceProvider.php(20): Illuminate/Foundation/Bootstrap/HandleExceptions->Illuminate/Foundation/Bootstrap/{closure}(2, 'Trying to acces...', 'C://Users//SPARK ...', 20)
#2 C:/Users/SPARK COMPUTERS MART/Videos/Ethiopian-academy-football-management-system/Ethiopian-academy-football-management-system/backend/vendor/laravel/framework/src/Illuminate/Container/Container.php(908): Illuminate/Cookie/CookieServiceProvider->Illuminate/Cookie/{closure}(Object(Illuminate/Foundation/Application), Array)
#3 C:/Users/SPARK COMPUTERS MART/Videos/Ethiopian-academy-football-management-system/Ethiopian-academy-football-management-system/backend/vendor/laravel/framework/src/Illuminate/Container/Container.php(795): Illuminate/Container/Container->build(Object(Closure))
#4 C:/Users/SPARK COMPUTERS MART/Videos/Ethiopian-academy-football-management-system/Ethiopian-academy-football-management-system/backend/vendor/laravel/framework/src/Illuminate/Foundation/Application.php(986): Illuminate/Container/Container->resolve('cookie', Array, true)
#5 C:/Users/SPARK COMPUTERS MART/Videos/Ethiopian-academy-football-management-system/Ethiopian-academy-football-management-system/backend/vendor/laravel/framework/src/Illuminate/Container/Container.php(731): Illuminate/Foundation/Application->resolve('cookie', Array)
#6 C:/Users/SPARK COMPUTERS MART/Videos/Ethiopian-academy-football-management-system/Ethiopian-academy-football-management-system/backend/vendor/laravel/framework/src/Illuminate/Foundation/Application.php(971): Illuminate/Container/Container->make('cookie', Array)
#7 C:/Users/SPARK COMPUTERS MART/Videos/Ethiopian-academy-football-management-system/Ethiopian-academy-football-management-system/backend/vendor/laravel/framework/src/Illuminate/Container/Container.php(1066): Illuminate/Foundation/Application->make('cookie')
#8 C:/Users/SPARK COMPUTERS MART/Videos/Ethiopian-academy-football-management-system/Ethiopian-academy-football-management-system/backend/vendor/laravel/framework/src/Illuminate/Container/Container.php(982): Illuminate/Container/Container->resolveClass(Object(ReflectionParameter))
#9 C:/Users/SPARK COMPUTERS MART/Videos/Ethiopian-academy-football-management-system/Ethiopian-academy-football-management-system/backend/vendor/laravel/framework/src/Illuminate/Container/Container.php(943): Illuminate/Container/Container->resolveDependencies(Array)
#10 C:/Users/SPARK COMPUTERS MART/Videos/Ethiopian-academy-football-management-system/Ethiopian-academy-football-management-system/backend/vendor/laravel/framework/src/Illuminate/Container/Container.php(795): Illuminate/Container/Container->build('Illuminate//Cook...')
#11 C:/Users/SPARK COMPUTERS MART/Videos/Ethiopian-academy-football-management-system/Ethiopian-academy-football-management-system/backend/vendor/laravel/framework/src/Illuminate/Foundation/Application.php(986): Illuminate/Container/Container->resolve('Illuminate//Cook...', Array, true)
#12 C:/Users/SPARK COMPUTERS MART/Videos/Ethiopian-academy-football-management-system/Ethiopian-academy-football-management-system/backend/vendor/laravel/framework/src/Illuminate/Container/Container.php(731): Illuminate/Foundation/Application->resolve('Illuminate//Cook...', Array)
#13 C:/Users/SPARK COMPUTERS MART/Videos/Ethiopian-academy-football-management-system/Ethiopian-academy-football-management-system/backend/vendor/laravel/framework/src/Illuminate/Foundation/Application.php(971): Illuminate/Container/Container->make('Illuminate//Cook...', Array)
#14 C:/Users/SPARK COMPUTERS MART/Videos/Ethiopian-academy-football-management-system/Ethiopian-academy-football-management-system/backend/vendor/laravel/framework/src/Illuminate/Pipeline/Pipeline.php(172): Illuminate/Foundation/Application->make('Illuminate//Cook...')
#15 C:/Users/SPARK COMPUTERS MART/Videos/Ethiopian-academy-football-management-system/Ethiopian-academy-football-management-system/backend/vendor/laravel/framework/src/Illuminate/Cookie/Middleware/EncryptCookies.php(67): Illuminate/Pipeline/Pipeline->Illuminate/Pipeline/{closure}(Object(Illuminate/Http/Request))
#16 C:/Users/SPARK COMPUTERS MART/Videos/Ethiopian-academy-football-management-system/Ethiopian-academy-football-management-system/backend/vendor/laravel/framework/src/Illuminate/Pipeline/Pipeline.php(183): Illuminate/Cookie/Middleware/EncryptCookies->handle(Object(Illuminate/Http/Request), Object(Closure))
#17 C:/Users/SPARK COMPUTERS MART/Videos/Ethiopian-academy-football-management-system/Ethiopian-academy-football-management-system/backend/vendor/laravel/framework/src/Illuminate/Pipeline/Pipeline.php(119): Illuminate/Pipeline/Pipeline->Illuminate/Pipeline/{closure}(Object(Illuminate/Http/Request))
#18 C:/Users/SPARK COMPUTERS MART/Videos/Ethiopian-academy-football-management-system/Ethiopian-academy-football-management-system/backend/vendor/laravel/framework/src/Illuminate/Routing/Router.php(807): Illuminate/Pipeline/Pipeline->then(Object(Closure))
#19 C:/Users/SPARK COMPUTERS MART/Videos/Ethiopian-academy-football-management-system/Ethiopian-academy-football-management-system/backend/vendor/laravel/framework/src/Illuminate/Routing/Router.php(784): Illuminate/Routing/Router->runRouteWithinStack(Object(Illuminate/Routing/Route), Object(Illuminate/Http/Request))
#20 C:/Users/SPARK COMPUTERS MART/Videos/Ethiopian-academy-football-management-system/Ethiopian-academy-football-management-system/backend/vendor/laravel/framework/src/Illuminate/Routing/Router.php(748): Illuminate/Routing/Router->runRoute(Object(Illuminate/Http/Request), Object(Illuminate/Routing/Route))
#21 C:/Users/SPARK COMPUTERS MART/Videos/Ethiopian-academy-football-management-system/Ethiopian-academy-football-management-system/backend/vendor/laravel/framework/src/Illuminate/Routing/Router.php(737): Illuminate/Routing/Router->dispatchToRoute(Object(Illuminate/Http/Request))
#22 C:/Users/SPARK COMPUTERS MART/Videos/Ethiopian-academy-football-management-system/Ethiopian-academy-football-management-system/backend/vendor/laravel/framework/src/Illuminate/Foundation/Http/Kernel.php(200): Illuminate/Routing/Router->dispatch(Object(Illuminate/Http/Request))
#23 C:/Users/SPARK COMPUTERS MART/Videos/Ethiopian-academy-football-management-system/Ethiopian-academy-football-management-system/backend/vendor/laravel/framework/src/Illuminate/Pipeline/Pipeline.php(144): Illuminate/Foundation/Http/Kernel->Illuminate/Foundation/Http/{closure}(Object(Illuminate/Http/Request))
#24 C:/Users/SPARK COMPUTERS MART/Videos/Ethiopian-academy-football-management-system/Ethiopian-academy-football-management-system/backend/vendor/laravel/framework/src/Illuminate/Foundation/Http/Middleware/TransformsRequest.php(21): Illuminate/Pipeline/Pipeline->Illuminate/Pipeline/{closure}(Object(Illuminate/Http/Request))
#25 C:/Users/SPARK COMPUTERS MART/Videos/Ethiopian-academy-football-management-system/Ethiopian-academy-football-management-system/backend/vendor/laravel/framework/src/Illuminate/Foundation/Http/Middleware/ConvertEmptyStringsToNull.php(31): Illuminate/Foundation/Http/Middleware/TransformsRequest->handle(Object(Illuminate/Http/Request), Object(Closure))
#26 C:/Users/SPARK COMPUTERS MART/Videos/Ethiopian-academy-football-management-system/Ethiopian-academy-football-management-system/backend/vendor/laravel/framework/src/Illuminate/Pipeline/Pipeline.php(183): Illuminate/Foundation/Http/Middleware/ConvertEmptyStringsToNull->handle(Object(Illuminate/Http/Request), Object(Closure))
#27 C:/Users/SPARK COMPUTERS MART/Videos/Ethiopian-academy-football-management-system/Ethiopian-academy-football-management-system/backend/vendor/laravel/framework/src/Illuminate/Foundation/Http/Middleware/TransformsRequest.php(21): Illuminate/Pipeline/Pipeline->Illuminate/Pipeline/{closure}(Object(Illuminate/Http/Request))
#28 C:/Users/SPARK COMPUTERS MART/Videos/Ethiopian-academy-football-management-system/Ethiopian-academy-football-management-system/backend/vendor/laravel/framework/src/Illuminate/Foundation/Http/Middleware/TrimStrings.php(40): Illuminate/Foundation/Http/Middleware/TransformsRequest->handle(Object(Illuminate/Http/Request), Object(Closure))
#29 C:/Users/SPARK COMPUTERS MART/Videos/Ethiopian-academy-football-management-system/Ethiopian-academy-football-management-system/backend/vendor/laravel/framework/src/Illuminate/Pipeline/Pipeline.php(183): Illuminate/Foundation/Http/Middleware/TrimStrings->handle(Object(Illuminate/Http/Request), Object(Closure))
#30 C:/Users/SPARK COMPUTERS MART/Videos/Ethiopian-academy-football-management-system/Ethiopian-academy-football-management-system/backend/vendor/laravel/framework/src/Illuminate/Foundation/Http/Middleware/ValidatePostSize.php(27): Illuminate/Pipeline/Pipeline->Illuminate/Pipeline/{closure}(Object(Illuminate/Http/Request))
#31 C:/Users/SPARK COMPUTERS MART/Videos/Ethiopian-academy-football-management-system/Ethiopian-academy-football-management-system/backend/vendor/laravel/framework/src/Illuminate/Pipeline/Pipeline.php(183): Illuminate/Foundation/Http/Middleware/ValidatePostSize->handle(Object(Illuminate/Http/Request), Object(Closure))
#32 C:/Users/SPARK COMPUTERS MART/Videos/Ethiopian-academy-football-management-system/Ethiopian-academy-football-management-system/backend/vendor/laravel/framework/src/Illuminate/Http/Middleware/HandleCors.php(49): Illuminate/Pipeline/Pipeline->Illuminate/Pipeline/{closure}(Object(Illuminate/Http/Request))
#33 C:/Users/SPARK COMPUTERS MART/Videos/Ethiopian-academy-football-management-system/Ethiopian-academy-football-management-system/backend/vendor/laravel/framework/src/Illuminate/Pipeline/Pipeline.php(183): Illuminate/Http/Middleware/HandleCors->handle(Object(Illuminate/Http/Request), Object(Closure))
#34 C:/Users/SPARK COMPUTERS MART/Videos/Ethiopian-academy-football-management-system/Ethiopian-academy-football-management-system/backend/vendor/laravel/framework/src/Illuminate/Http/Middleware/TrustProxies.php(39): Illuminate/Pipeline/Pipeline->Illuminate/Pipeline/{closure}(Object(Illuminate/Http/Request))
#35 C:/Users/SPARK COMPUTERS MART/Videos/Ethiopian-academy-football-management-system/Ethiopian-academy-football-management-system/backend/vendor/laravel/framework/src/Illuminate/Pipeline/Pipeline.php(183): Illuminate/Http/Middleware/TrustProxies->handle(Object(Illuminate/Http/Request), Object(Closure))
#36 C:/Users/SPARK COMPUTERS MART/Videos/Ethiopian-academy-football-management-system/Ethiopian-academy-football-management-system/backend/vendor/laravel/framework/src/Illuminate/Pipeline/Pipeline.php(119): Illuminate/Pipeline/Pipeline->Illuminate/Pipeline/{closure}(Object(Illuminate/Http/Request))
#37 C:/Users/SPARK COMPUTERS MART/Videos/Ethiopian-academy-football-management-system/Ethiopian-academy-football-management-system/backend/vendor/laravel/framework/src/Illuminate/Foundation/Http/Kernel.php(175): Illuminate/Pipeline/Pipeline->then(Object(Closure))
#38 C:/Users/SPARK COMPUTERS MART/Videos/Ethiopian-academy-football-management-system/Ethiopian-academy-football-management-system/backend/vendor/laravel/framework/src/Illuminate/Foundation/Http/Kernel.php(144): Illuminate/Foundation/Http/Kernel->sendRequestThroughRouter(Object(Illuminate/Http/Request))
#39 C:/Users/SPARK COMPUTERS MART/Videos/Ethiopian-academy-football-management-system/Ethiopian-academy-football-management-system/backend/public/index.php(18): Illuminate/Foundation/Http/Kernel->handle(Object(Illuminate/Http/Request))
#40 C:/Users/SPARK COMPUTERS MART/Videos/Ethiopian-academy-football-management-system/Ethiopian-academy-football-management-system/backend/vendor/laravel/framework/src/Illuminate/Foundation/resources/server.php(16): require_once('C://Users//SPARK ...')
#41 {main}
"} 
[2026-02-10 07:02:26] local.ERROR: Trying to access array offset on value of type null {"exception":"[object] (ErrorException(code: 0): Trying to access array offset on value of type null at C:/Users/SPARK COMPUTERS MART/Videos/Ethiopian-academy-football-management-system/Ethiopian-academy-football-management-system/backend/vendor/laravel/framework/src/Illuminate/Cookie/CookieServiceProvider.php:20)
[stacktrace]
#0 C:/Users/SPARK COMPUTERS MART/Videos/Ethiopian-academy-football-management-system/Ethiopian-academy-football-management-system/backend/vendor/laravel/framework/src/Illuminate/Foundation/Bootstrap/HandleExceptions.php(255): Illuminate/Foundation/Bootstrap/HandleExceptions->handleError(2, 'Trying to acces...', 'C://Users//SPARK ...', 20)
#1 C:/Users/SPARK COMPUTERS MART/Videos/Ethiopian-academy-football-management-system/Ethiopian-academy-football-management-system/backend/vendor/laravel/framework/src/Illuminate/Cookie/CookieServiceProvider.php(20): Illuminate/Foundation/Bootstrap/HandleExceptions->Illuminate/Foundation/Bootstrap/{closure}(2, 'Trying to acces...', 'C://Users//SPARK ...', 20)
#2 C:/Users/SPARK COMPUTERS MART/Videos/Ethiopian-academy-football-management-system/Ethiopian-academy-football-management-system/backend/vendor/laravel/framework/src/Illuminate/Container/Container.php(908): Illuminate/Cookie/CookieServiceProvider->Illuminate/Cookie/{closure}(Object(Illuminate/Foundation/Application), Array)
#3 C:/Users/SPARK COMPUTERS MART/Videos/Ethiopian-academy-football-management-system/Ethiopian-academy-football-management-system/backend/vendor/laravel/framework/src/Illuminate/Container/Container.php(795): Illuminate/Container/Container->build(Object(Closure))
#4 C:/Users/SPARK COMPUTERS MART/Videos/Ethiopian-academy-football-management-system/Ethiopian-academy-football-management-system/backend/vendor/laravel/framework/src/Illuminate/Foundation/Application.php(986): Illuminate/Container/Container->resolve('cookie', Array, true)
#5 C:/Users/SPARK COMPUTERS MART/Videos/Ethiopian-academy-football-management-system/Ethiopian-academy-football-management-system/backend/vendor/laravel/framework/src/Illuminate/Container/Container.php(731): Illuminate/Foundation/Application->resolve('cookie', Array)
#6 C:/Users/SPARK COMPUTERS MART/Videos/Ethiopian-academy-football-management-system/Ethiopian-academy-football-management-system/backend/vendor/laravel/framework/src/Illuminate/Foundation/Application.php(971): Illuminate/Container/Container->make('cookie', Array)
#7 C:/Users/SPARK COMPUTERS MART/Videos/Ethiopian-academy-football-management-system/Ethiopian-academy-football-management-system/backend/vendor/laravel/framework/src/Illuminate/Container/Container.php(1066): Illuminate/Foundation/Application->make('cookie')
#8 C:/Users/SPARK COMPUTERS MART/Videos/Ethiopian-academy-football-management-system/Ethiopian-academy-football-management-system/backend/vendor/laravel/framework/src/Illuminate/Container/Container.php(982): Illuminate/Container/Container->resolveClass(Object(ReflectionParameter))
#9 C:/Users/SPARK COMPUTERS MART/Videos/Ethiopian-academy-football-management-system/Ethiopian-academy-football-management-system/backend/vendor/laravel/framework/src/Illuminate/Container/Container.php(943): Illuminate/Container/Container->resolveDependencies(Array)
#10 C:/Users/SPARK COMPUTERS MART/Videos/Ethiopian-academy-football-management-system/Ethiopian-academy-football-management-system/backend/vendor/laravel/framework/src/Illuminate/Container/Container.php(795): Illuminate/Container/Container->build('Illuminate//Cook...')
#11 C:/Users/SPARK COMPUTERS MART/Videos/Ethiopian-academy-football-management-system/Ethiopian-academy-football-management-system/backend/vendor/laravel/framework/src/Illuminate/Foundation/Application.php(986): Illuminate/Container/Container->resolve('Illuminate//Cook...', Array, true)
#12 C:/Users/SPARK COMPUTERS MART/Videos/Ethiopian-academy-football-management-system/Ethiopian-academy-football-management-system/backend/vendor/laravel/framework/src/Illuminate/Container/Container.php(731): Illuminate/Foundation/Application->resolve('Illuminate//Cook...', Array)
#13 C:/Users/SPARK COMPUTERS MART/Videos/Ethiopian-academy-football-management-system/Ethiopian-academy-football-management-system/backend/vendor/laravel/framework/src/Illuminate/Foundation/Application.php(971): Illuminate/Container/Container->make('Illuminate//Cook...', Array)
#14 C:/Users/SPARK COMPUTERS MART/Videos/Ethiopian-academy-football-management-system/Ethiopian-academy-football-management-system/backend/vendor/laravel/framework/src/Illuminate/Foundation/Http/Kernel.php(255): Illuminate/Foundation/Application->make('Illuminate//Cook...')
#15 C:/Users/SPARK COMPUTERS MART/Videos/Ethiopian-academy-football-management-system/Ethiopian-academy-football-management-system/backend/vendor/laravel/framework/src/Illuminate/Foundation/Http/Kernel.php(213): Illuminate/Foundation/Http/Kernel->terminateMiddleware(Object(Illuminate/Http/Request), Object(Illuminate/Http/Response))
#16 C:/Users/SPARK COMPUTERS MART/Videos/Ethiopian-academy-football-management-system/Ethiopian-academy-football-management-system/backend/public/index.php(23): Illuminate/Foundation/Http/Kernel->terminate(Object(Illuminate/Http/Request), Object(Illuminate/Http/Response))
#17 C:/Users/SPARK COMPUTERS MART/Videos/Ethiopian-academy-football-management-system/Ethiopian-academy-football-management-system/backend/vendor/laravel/framework/src/Illuminate/Foundation/resources/server.php(16): require_once('C://Users//SPARK ...')
#18 {main}
"} 
[2026-02-10 07:02:41] local.ERROR: Illuminate\View\FileViewFinder::__construct(): Argument #2 ($paths) must be of type array, null given, called in C:\Users\SPARK COMPUTERS MART\Videos\Ethiopian-academy-football-management-system\Ethiopian-academy-football-management-system\backend\vendor\laravel\framework\src\Illuminate\View\ViewServiceProvider.php on line 85 {"exception":"[object] (TypeError(code: 0): Illuminate\\View\\FileViewFinder::__construct(): Argument #2 ($paths) must be of type array, null given, called in C:\\Users\\SPARK COMPUTERS MART\\Videos\\Ethiopian-academy-football-management-system\\Ethiopian-academy-football-management-system\\backend\\vendor\\laravel\\framework\\src\\Illuminate\\View\\ViewServiceProvider.php on line 85 at C:/Users/SPARK COMPUTERS MART/Videos/Ethiopian-academy-football-management-system/Ethiopian-academy-football-management-system/backend/vendor/laravel/framework/src/Illuminate/View/FileViewFinder.php:53)
[stacktrace]
#0 C:/Users/SPARK COMPUTERS MART/Videos/Ethiopian-academy-football-management-system/Ethiopian-academy-football-management-system/backend/vendor/laravel/framework/src/Illuminate/View/ViewServiceProvider.php(85): Illuminate/View/FileViewFinder->__construct(Object(Illuminate/Filesystem/Filesystem), NULL)
#1 C:/Users/SPARK COMPUTERS MART/Videos/Ethiopian-academy-football-management-system/Ethiopian-academy-football-management-system/backend/vendor/laravel/framework/src/Illuminate/Container/Container.php(908): Illuminate/View/ViewServiceProvider->Illuminate/View/{closure}(Object(Illuminate/Foundation/Application), Array)
#2 C:/Users/SPARK COMPUTERS MART/Videos/Ethiopian-academy-football-management-system/Ethiopian-academy-football-management-system/backend/vendor/laravel/framework/src/Illuminate/Container/Container.php(795): Illuminate/Container/Container->build(Object(Closure))
#3 C:/Users/SPARK COMPUTERS MART/Videos/Ethiopian-academy-football-management-system/Ethiopian-academy-football-management-system/backend/vendor/laravel/framework/src/Illuminate/Foundation/Application.php(986): Illuminate/Container/Container->resolve('view.finder', Array, true)
#4 C:/Users/SPARK COMPUTERS MART/Videos/Ethiopian-academy-football-management-system/Ethiopian-academy-football-management-system/backend/vendor/laravel/framework/src/Illuminate/Container/Container.php(731): Illuminate/Foundation/Application->resolve('view.finder', Array)
#5 C:/Users/SPARK COMPUTERS MART/Videos/Ethiopian-academy-football-management-system/Ethiopian-academy-football-management-system/backend/vendor/laravel/framework/src/Illuminate/Foundation/Application.php(971): Illuminate/Container/Container->make('view.finder', Array)
#6 C:/Users/SPARK COMPUTERS MART/Videos/Ethiopian-academy-football-management-system/Ethiopian-academy-football-management-system/backend/vendor/laravel/framework/src/Illuminate/Container/Container.php(1454): Illuminate/Foundation/Application->make('view.finder')
#7 C:/Users/SPARK COMPUTERS MART/Videos/Ethiopian-academy-football-management-system/Ethiopian-academy-football-management-system/backend/vendor/laravel/framework/src/Illuminate/View/ViewServiceProvider.php(45): Illuminate/Container/Container->offsetGet('view.finder')
#8 C:/Users/SPARK COMPUTERS MART/Videos/Ethiopian-academy-football-management-system/Ethiopian-academy-football-management-system/backend/vendor/laravel/framework/src/Illuminate/Container/Container.php(908): Illuminate/View/ViewServiceProvider->Illuminate/View/{closure}(Object(Illuminate/Foundation/Application), Array)
#9 C:/Users/SPARK COMPUTERS MART/Videos/Ethiopian-academy-football-management-system/Ethiopian-academy-football-management-system/backend/vendor/laravel/framework/src/Illuminate/Container/Container.php(795): Illuminate/Container/Container->build(Object(Closure))
#10 C:/Users/SPARK COMPUTERS MART/Videos/Ethiopian-academy-football-management-system/Ethiopian-academy-football-management-system/backend/vendor/laravel/framework/src/Illuminate/Foundation/Application.php(986): Illuminate/Container/Container->resolve('view', Array, true)
#11 C:/Users/SPARK COMPUTERS MART/Videos/Ethiopian-academy-football-management-system/Ethiopian-academy-football-management-system/backend/vendor/laravel/framework/src/Illuminate/Container/Container.php(731): Illuminate/Foundation/Application->resolve('view', Array)
#12 C:/Users/SPARK COMPUTERS MART/Videos/Ethiopian-academy-football-management-system/Ethiopian-academy-football-management-system/backend/vendor/laravel/framework/src/Illuminate/Foundation/Application.php(971): Illuminate/Container/Container->make('view', Array)
#13 C:/Users/SPARK COMPUTERS MART/Videos/Ethiopian-academy-football-management-system/Ethiopian-academy-football-management-system/backend/vendor/laravel/framework/src/Illuminate/Container/Container.php(1454): Illuminate/Foundation/Application->make('view')
#14 C:/Users/SPARK COMPUTERS MART/Videos/Ethiopian-academy-football-management-system/Ethiopian-academy-football-management-system/backend/vendor/laravel/framework/src/Illuminate/Support/Facades/Facade.php(237): Illuminate/Container/Container->offsetGet('view')
#15 C:/Users/SPARK COMPUTERS MART/Videos/Ethiopian-academy-football-management-system/Ethiopian-academy-football-management-system/backend/vendor/laravel/framework/src/Illuminate/Support/Facades/Facade.php(208): Illuminate/Support/Facades/Facade::resolveFacadeInstance('view')
#16 C:/Users/SPARK COMPUTERS MART/Videos/Ethiopian-academy-football-management-system/Ethiopian-academy-football-management-system/backend/vendor/laravel/framework/src/Illuminate/Support/Facades/Facade.php(349): Illuminate/Support/Facades/Facade::getFacadeRoot()
#17 C:/Users/SPARK COMPUTERS MART/Videos/Ethiopian-academy-football-management-system/Ethiopian-academy-football-management-system/backend/vendor/laravel/framework/src/Illuminate/Foundation/Exceptions/RegisterErrorViewPaths.php(18): Illuminate/Support/Facades/Facade::__callStatic('replaceNamespac...', Array)
#18 C:/Users/SPARK COMPUTERS MART/Videos/Ethiopian-academy-football-management-system/Ethiopian-academy-football-management-system/backend/vendor/laravel/framework/src/Illuminate/Foundation/Exceptions/Handler.php(744): Illuminate/Foundation/Exceptions/RegisterErrorViewPaths->__invoke()
#19 C:/Users/SPARK COMPUTERS MART/Videos/Ethiopian-academy-football-management-system/Ethiopian-academy-football-management-system/backend/vendor/laravel/framework/src/Illuminate/Foundation/Exceptions/Handler.php(719): Illuminate/Foundation/Exceptions/Handler->registerErrorViewPaths()
#20 C:/Users/SPARK COMPUTERS MART/Videos/Ethiopian-academy-football-management-system/Ethiopian-academy-football-management-system/backend/vendor/laravel/framework/src/Illuminate/Foundation/Exceptions/Handler.php(650): Illuminate/Foundation/Exceptions/Handler->renderHttpException(Object(Symfony/Component/HttpKernel/Exception/NotFoundHttpException))
#21 C:/Users/SPARK COMPUTERS MART/Videos/Ethiopian-academy-football-management-system/Ethiopian-academy-football-management-system/backend/vendor/laravel/framework/src/Illuminate/Foundation/Exceptions/Handler.php(556): Illuminate/Foundation/Exceptions/Handler->prepareResponse(Object(Illuminate/Http/Request), Object(Symfony/Component/HttpKernel/Exception/NotFoundHttpException))
#22 C:/Users/SPARK COMPUTERS MART/Videos/Ethiopian-academy-football-management-system/Ethiopian-academy-football-management-system/backend/vendor/laravel/framework/src/Illuminate/Foundation/Exceptions/Handler.php(473): Illuminate/Foundation/Exceptions/Handler->renderExceptionResponse(Object(Illuminate/Http/Request), Object(Symfony/Component/HttpKernel/Exception/NotFoundHttpException))
#23 C:/Users/SPARK COMPUTERS MART/Videos/Ethiopian-academy-football-management-system/Ethiopian-academy-football-management-system/backend/vendor/laravel/framework/src/Illuminate/Routing/Pipeline.php(51): Illuminate/Foundation/Exceptions/Handler->render(Object(Illuminate/Http/Request), Object(Symfony/Component/HttpKernel/Exception/NotFoundHttpException))
#24 C:/Users/SPARK COMPUTERS MART/Videos/Ethiopian-academy-football-management-system/Ethiopian-academy-football-management-system/backend/vendor/laravel/framework/src/Illuminate/Pipeline/Pipeline.php(146): Illuminate/Routing/Pipeline->handleException(Object(Illuminate/Http/Request), Object(Symfony/Component/HttpKernel/Exception/NotFoundHttpException))
#25 C:/Users/SPARK COMPUTERS MART/Videos/Ethiopian-academy-football-management-system/Ethiopian-academy-football-management-system/backend/vendor/laravel/framework/src/Illuminate/Foundation/Http/Middleware/TransformsRequest.php(21): Illuminate/Pipeline/Pipeline->Illuminate/Pipeline/{closure}(Object(Illuminate/Http/Request))
#26 C:/Users/SPARK COMPUTERS MART/Videos/Ethiopian-academy-football-management-system/Ethiopian-academy-football-management-system/backend/vendor/laravel/framework/src/Illuminate/Foundation/Http/Middleware/ConvertEmptyStringsToNull.php(31): Illuminate/Foundation/Http/Middleware/TransformsRequest->handle(Object(Illuminate/Http/Request), Object(Closure))
#27 C:/Users/SPARK COMPUTERS MART/Videos/Ethiopian-academy-football-management-system/Ethiopian-academy-football-management-system/backend/vendor/laravel/framework/src/Illuminate/Pipeline/Pipeline.php(183): Illuminate/Foundation/Http/Middleware/ConvertEmptyStringsToNull->handle(Object(Illuminate/Http/Request), Object(Closure))
#28 C:/Users/SPARK COMPUTERS MART/Videos/Ethiopian-academy-football-management-system/Ethiopian-academy-football-management-system/backend/vendor/laravel/framework/src/Illuminate/Foundation/Http/Middleware/TransformsRequest.php(21): Illuminate/Pipeline/Pipeline->Illuminate/Pipeline/{closure}(Object(Illuminate/Http/Request))
#29 C:/Users/SPARK COMPUTERS MART/Videos/Ethiopian-academy-football-management-system/Ethiopian-academy-football-management-system/backend/vendor/laravel/framework/src/Illuminate/Foundation/Http/Middleware/TrimStrings.php(40): Illuminate/Foundation/Http/Middleware/TransformsRequest->handle(Object(Illuminate/Http/Request), Object(Closure))
#30 C:/Users/SPARK COMPUTERS MART/Videos/Ethiopian-academy-football-management-system/Ethiopian-academy-football-management-system/backend/vendor/laravel/framework/src/Illuminate/Pipeline/Pipeline.php(183): Illuminate/Foundation/Http/Middleware/TrimStrings->handle(Object(Illuminate/Http/Request), Object(Closure))
#31 C:/Users/SPARK COMPUTERS MART/Videos/Ethiopian-academy-football-management-system/Ethiopian-academy-football-management-system/backend/vendor/laravel/framework/src/Illuminate/Foundation/Http/Middleware/ValidatePostSize.php(27): Illuminate/Pipeline/Pipeline->Illuminate/Pipeline/{closure}(Object(Illuminate/Http/Request))
#32 C:/Users/SPARK COMPUTERS MART/Videos/Ethiopian-academy-football-management-system/Ethiopian-academy-football-management-system/backend/vendor/laravel/framework/src/Illuminate/Pipeline/Pipeline.php(183): Illuminate/Foundation/Http/Middleware/ValidatePostSize->handle(Object(Illuminate/Http/Request), Object(Closure))
#33 C:/Users/SPARK COMPUTERS MART/Videos/Ethiopian-academy-football-management-system/Ethiopian-academy-football-management-system/backend/vendor/laravel/framework/src/Illuminate/Http/Middleware/HandleCors.php(49): Illuminate/Pipeline/Pipeline->Illuminate/Pipeline/{closure}(Object(Illuminate/Http/Request))
#34 C:/Users/SPARK COMPUTERS MART/Videos/Ethiopian-academy-football-management-system/Ethiopian-academy-football-management-system/backend/vendor/laravel/framework/src/Illuminate/Pipeline/Pipeline.php(183): Illuminate/Http/Middleware/HandleCors->handle(Object(Illuminate/Http/Request), Object(Closure))
#35 C:/Users/SPARK COMPUTERS MART/Videos/Ethiopian-academy-football-management-system/Ethiopian-academy-football-management-system/backend/vendor/laravel/framework/src/Illuminate/Http/Middleware/TrustProxies.php(39): Illuminate/Pipeline/Pipeline->Illuminate/Pipeline/{closure}(Object(Illuminate/Http/Request))
#36 C:/Users/SPARK COMPUTERS MART/Videos/Ethiopian-academy-football-management-system/Ethiopian-academy-football-management-system/backend/vendor/laravel/framework/src/Illuminate/Pipeline/Pipeline.php(183): Illuminate/Http/Middleware/TrustProxies->handle(Object(Illuminate/Http/Request), Object(Closure))
#37 C:/Users/SPARK COMPUTERS MART/Videos/Ethiopian-academy-football-management-system/Ethiopian-academy-football-management-system/backend/vendor/laravel/framework/src/Illuminate/Pipeline/Pipeline.php(119): Illuminate/Pipeline/Pipeline->Illuminate/Pipeline/{closure}(Object(Illuminate/Http/Request))
#38 C:/Users/SPARK COMPUTERS MART/Videos/Ethiopian-academy-football-management-system/Ethiopian-academy-football-management-system/backend/vendor/laravel/framework/src/Illuminate/Foundation/Http/Kernel.php(175): Illuminate/Pipeline/Pipeline->then(Object(Closure))
#39 C:/Users/SPARK COMPUTERS MART/Videos/Ethiopian-academy-football-management-system/Ethiopian-academy-football-management-system/backend/vendor/laravel/framework/src/Illuminate/Foundation/Http/Kernel.php(144): Illuminate/Foundation/Http/Kernel->sendRequestThroughRouter(Object(Illuminate/Http/Request))
#40 C:/Users/SPARK COMPUTERS MART/Videos/Ethiopian-academy-football-management-system/Ethiopian-academy-football-management-system/backend/public/index.php(18): Illuminate/Foundation/Http/Kernel->handle(Object(Illuminate/Http/Request))
#41 C:/Users/SPARK COMPUTERS MART/Videos/Ethiopian-academy-football-management-system/Ethiopian-academy-football-management-system/backend/vendor/laravel/framework/src/Illuminate/Foundation/resources/server.php(16): require_once('C://Users//SPARK ...')
#42 {main}
"} 
[2026-02-10 07:07:04] local.ERROR: Trying to access array offset on value of type null {"exception":"[object] (ErrorException(code: 0): Trying to access array offset on value of type null at C:/Users/SPARK COMPUTERS MART/Videos/Ethiopian-academy-football-management-system/Ethiopian-academy-football-management-system/backend/vendor/laravel/framework/src/Illuminate/Cookie/CookieServiceProvider.php:20)
[stacktrace]
#0 C:/Users/SPARK COMPUTERS MART/Videos/Ethiopian-academy-football-management-system/Ethiopian-academy-football-management-system/backend/vendor/laravel/framework/src/Illuminate/Foundation/Bootstrap/HandleExceptions.php(255): Illuminate/Foundation/Bootstrap/HandleExceptions->handleError(2, 'Trying to acces...', 'C://Users//SPARK ...', 20)
#1 C:/Users/SPARK COMPUTERS MART/Videos/Ethiopian-academy-football-management-system/Ethiopian-academy-football-management-system/backend/vendor/laravel/framework/src/Illuminate/Cookie/CookieServiceProvider.php(20): Illuminate/Foundation/Bootstrap/HandleExceptions->Illuminate/Foundation/Bootstrap/{closure}(2, 'Trying to acces...', 'C://Users//SPARK ...', 20)
#2 C:/Users/SPARK COMPUTERS MART/Videos/Ethiopian-academy-football-management-system/Ethiopian-academy-football-management-system/backend/vendor/laravel/framework/src/Illuminate/Container/Container.php(908): Illuminate/Cookie/CookieServiceProvider->Illuminate/Cookie/{closure}(Object(Illuminate/Foundation/Application), Array)
#3 C:/Users/SPARK COMPUTERS MART/Videos/Ethiopian-academy-football-management-system/Ethiopian-academy-football-management-system/backend/vendor/laravel/framework/src/Illuminate/Container/Container.php(795): Illuminate/Container/Container->build(Object(Closure))
#4 C:/Users/SPARK COMPUTERS MART/Videos/Ethiopian-academy-football-management-system/Ethiopian-academy-football-management-system/backend/vendor/laravel/framework/src/Illuminate/Foundation/Application.php(986): Illuminate/Container/Container->resolve('cookie', Array, true)
#5 C:/Users/SPARK COMPUTERS MART/Videos/Ethiopian-academy-football-management-system/Ethiopian-academy-football-management-system/backend/vendor/laravel/framework/src/Illuminate/Container/Container.php(731): Illuminate/Foundation/Application->resolve('cookie', Array)
#6 C:/Users/SPARK COMPUTERS MART/Videos/Ethiopian-academy-football-management-system/Ethiopian-academy-football-management-system/backend/vendor/laravel/framework/src/Illuminate/Foundation/Application.php(971): Illuminate/Container/Container->make('cookie', Array)
#7 C:/Users/SPARK COMPUTERS MART/Videos/Ethiopian-academy-football-management-system/Ethiopian-academy-football-management-system/backend/vendor/laravel/framework/src/Illuminate/Container/Container.php(1066): Illuminate/Foundation/Application->make('cookie')
#8 C:/Users/SPARK COMPUTERS MART/Videos/Ethiopian-academy-football-management-system/Ethiopian-academy-football-management-system/backend/vendor/laravel/framework/src/Illuminate/Container/Container.php(982): Illuminate/Container/Container->resolveClass(Object(ReflectionParameter))
#9 C:/Users/SPARK COMPUTERS MART/Videos/Ethiopian-academy-football-management-system/Ethiopian-academy-football-management-system/backend/vendor/laravel/framework/src/Illuminate/Container/Container.php(943): Illuminate/Container/Container->resolveDependencies(Array)
#10 C:/Users/SPARK COMPUTERS MART/Videos/Ethiopian-academy-football-management-system/Ethiopian-academy-football-management-system/backend/vendor/laravel/framework/src/Illuminate/Container/Container.php(795): Illuminate/Container/Container->build('Illuminate//Cook...')
#11 C:/Users/SPARK COMPUTERS MART/Videos/Ethiopian-academy-football-management-system/Ethiopian-academy-football-management-system/backend/vendor/laravel/framework/src/Illuminate/Foundation/Application.php(986): Illuminate/Container/Container->resolve('Illuminate//Cook...', Array, true)
#12 C:/Users/SPARK COMPUTERS MART/Videos/Ethiopian-academy-football-management-system/Ethiopian-academy-football-management-system/backend/vendor/laravel/framework/src/Illuminate/Container/Container.php(731): Illuminate/Foundation/Application->resolve('Illuminate//Cook...', Array)
#13 C:/Users/SPARK COMPUTERS MART/Videos/Ethiopian-academy-football-management-system/Ethiopian-academy-football-management-system/backend/vendor/laravel/framework/src/Illuminate/Foundation/Application.php(971): Illuminate/Container/Container->make('Illuminate//Cook...', Array)
#14 C:/Users/SPARK COMPUTERS MART/Videos/Ethiopian-academy-football-management-system/Ethiopian-academy-football-management-system/backend/vendor/laravel/framework/src/Illuminate/Pipeline/Pipeline.php(172): Illuminate/Foundation/Application->make('Illuminate//Cook...')
#15 C:/Users/SPARK COMPUTERS MART/Videos/Ethiopian-academy-football-management-system/Ethiopian-academy-football-management-system/backend/vendor/laravel/framework/src/Illuminate/Cookie/Middleware/EncryptCookies.php(67): Illuminate/Pipeline/Pipeline->Illuminate/Pipeline/{closure}(Object(Illuminate/Http/Request))
#16 C:/Users/SPARK COMPUTERS MART/Videos/Ethiopian-academy-football-management-system/Ethiopian-academy-football-management-system/backend/vendor/laravel/framework/src/Illuminate/Pipeline/Pipeline.php(183): Illuminate/Cookie/Middleware/EncryptCookies->handle(Object(Illuminate/Http/Request), Object(Closure))
#17 C:/Users/SPARK COMPUTERS MART/Videos/Ethiopian-academy-football-management-system/Ethiopian-academy-football-management-system/backend/vendor/laravel/framework/src/Illuminate/Pipeline/Pipeline.php(119): Illuminate/Pipeline/Pipeline->Illuminate/Pipeline/{closure}(Object(Illuminate/Http/Request))
#18 C:/Users/SPARK COMPUTERS MART/Videos/Ethiopian-academy-football-management-system/Ethiopian-academy-football-management-system/backend/vendor/laravel/framework/src/Illuminate/Routing/Router.php(807): Illuminate/Pipeline/Pipeline->then(Object(Closure))
#19 C:/Users/SPARK COMPUTERS MART/Videos/Ethiopian-academy-football-management-system/Ethiopian-academy-football-management-system/backend/vendor/laravel/framework/src/Illuminate/Routing/Router.php(784): Illuminate/Routing/Router->runRouteWithinStack(Object(Illuminate/Routing/Route), Object(Illuminate/Http/Request))
#20 C:/Users/SPARK COMPUTERS MART/Videos/Ethiopian-academy-football-management-system/Ethiopian-academy-football-management-system/backend/vendor/laravel/framework/src/Illuminate/Routing/Router.php(748): Illuminate/Routing/Router->runRoute(Object(Illuminate/Http/Request), Object(Illuminate/Routing/Route))
#21 C:/Users/SPARK COMPUTERS MART/Videos/Ethiopian-academy-football-management-system/Ethiopian-academy-football-management-system/backend/vendor/laravel/framework/src/Illuminate/Routing/Router.php(737): Illuminate/Routing/Router->dispatchToRoute(Object(Illuminate/Http/Request))
#22 C:/Users/SPARK COMPUTERS MART/Videos/Ethiopian-academy-football-management-system/Ethiopian-academy-football-management-system/backend/vendor/laravel/framework/src/Illuminate/Foundation/Http/Kernel.php(200): Illuminate/Routing/Router->dispatch(Object(Illuminate/Http/Request))
#23 C:/Users/SPARK COMPUTERS MART/Videos/Ethiopian-academy-football-management-system/Ethiopian-academy-football-management-system/backend/vendor/laravel/framework/src/Illuminate/Pipeline/Pipeline.php(144): Illuminate/Foundation/Http/Kernel->Illuminate/Foundation/Http/{closure}(Object(Illuminate/Http/Request))
#24 C:/Users/SPARK COMPUTERS MART/Videos/Ethiopian-academy-football-management-system/Ethiopian-academy-football-management-system/backend/vendor/laravel/framework/src/Illuminate/Foundation/Http/Middleware/TransformsRequest.php(21): Illuminate/Pipeline/Pipeline->Illuminate/Pipeline/{closure}(Object(Illuminate/Http/Request))
#25 C:/Users/SPARK COMPUTERS MART/Videos/Ethiopian-academy-football-management-system/Ethiopian-academy-football-management-system/backend/vendor/laravel/framework/src/Illuminate/Foundation/Http/Middleware/ConvertEmptyStringsToNull.php(31): Illuminate/Foundation/Http/Middleware/TransformsRequest->handle(Object(Illuminate/Http/Request), Object(Closure))
#26 C:/Users/SPARK COMPUTERS MART/Videos/Ethiopian-academy-football-management-system/Ethiopian-academy-football-management-system/backend/vendor/laravel/framework/src/Illuminate/Pipeline/Pipeline.php(183): Illuminate/Foundation/Http/Middleware/ConvertEmptyStringsToNull->handle(Object(Illuminate/Http/Request), Object(Closure))
#27 C:/Users/SPARK COMPUTERS MART/Videos/Ethiopian-academy-football-management-system/Ethiopian-academy-football-management-system/backend/vendor/laravel/framework/src/Illuminate/Foundation/Http/Middleware/TransformsRequest.php(21): Illuminate/Pipeline/Pipeline->Illuminate/Pipeline/{closure}(Object(Illuminate/Http/Request))
#28 C:/Users/SPARK COMPUTERS MART/Videos/Ethiopian-academy-football-management-system/Ethiopian-academy-football-management-system/backend/vendor/laravel/framework/src/Illuminate/Foundation/Http/Middleware/TrimStrings.php(40): Illuminate/Foundation/Http/Middleware/TransformsRequest->handle(Object(Illuminate/Http/Request), Object(Closure))
#29 C:/Users/SPARK COMPUTERS MART/Videos/Ethiopian-academy-football-management-system/Ethiopian-academy-football-management-system/backend/vendor/laravel/framework/src/Illuminate/Pipeline/Pipeline.php(183): Illuminate/Foundation/Http/Middleware/TrimStrings->handle(Object(Illuminate/Http/Request), Object(Closure))
#30 C:/Users/SPARK COMPUTERS MART/Videos/Ethiopian-academy-football-management-system/Ethiopian-academy-football-management-system/backend/vendor/laravel/framework/src/Illuminate/Foundation/Http/Middleware/ValidatePostSize.php(27): Illuminate/Pipeline/Pipeline->Illuminate/Pipeline/{closure}(Object(Illuminate/Http/Request))
#31 C:/Users/SPARK COMPUTERS MART/Videos/Ethiopian-academy-football-management-system/Ethiopian-academy-football-management-system/backend/vendor/laravel/framework/src/Illuminate/Pipeline/Pipeline.php(183): Illuminate/Foundation/Http/Middleware/ValidatePostSize->handle(Object(Illuminate/Http/Request), Object(Closure))
#32 C:/Users/SPARK COMPUTERS MART/Videos/Ethiopian-academy-football-management-system/Ethiopian-academy-football-management-system/backend/vendor/laravel/framework/src/Illuminate/Http/Middleware/HandleCors.php(49): Illuminate/Pipeline/Pipeline->Illuminate/Pipeline/{closure}(Object(Illuminate/Http/Request))
#33 C:/Users/SPARK COMPUTERS MART/Videos/Ethiopian-academy-football-management-system/Ethiopian-academy-football-management-system/backend/vendor/laravel/framework/src/Illuminate/Pipeline/Pipeline.php(183): Illuminate/Http/Middleware/HandleCors->handle(Object(Illuminate/Http/Request), Object(Closure))
#34 C:/Users/SPARK COMPUTERS MART/Videos/Ethiopian-academy-football-management-system/Ethiopian-academy-football-management-system/backend/vendor/laravel/framework/src/Illuminate/Http/Middleware/TrustProxies.php(39): Illuminate/Pipeline/Pipeline->Illuminate/Pipeline/{closure}(Object(Illuminate/Http/Request))
#35 C:/Users/SPARK COMPUTERS MART/Videos/Ethiopian-academy-football-management-system/Ethiopian-academy-football-management-system/backend/vendor/laravel/framework/src/Illuminate/Pipeline/Pipeline.php(183): Illuminate/Http/Middleware/TrustProxies->handle(Object(Illuminate/Http/Request), Object(Closure))
#36 C:/Users/SPARK COMPUTERS MART/Videos/Ethiopian-academy-football-management-system/Ethiopian-academy-football-management-system/backend/vendor/laravel/framework/src/Illuminate/Pipeline/Pipeline.php(119): Illuminate/Pipeline/Pipeline->Illuminate/Pipeline/{closure}(Object(Illuminate/Http/Request))
#37 C:/Users/SPARK COMPUTERS MART/Videos/Ethiopian-academy-football-management-system/Ethiopian-academy-football-management-system/backend/vendor/laravel/framework/src/Illuminate/Foundation/Http/Kernel.php(175): Illuminate/Pipeline/Pipeline->then(Object(Closure))
#38 C:/Users/SPARK COMPUTERS MART/Videos/Ethiopian-academy-football-management-system/Ethiopian-academy-football-management-system/backend/vendor/laravel/framework/src/Illuminate/Foundation/Http/Kernel.php(144): Illuminate/Foundation/Http/Kernel->sendRequestThroughRouter(Object(Illuminate/Http/Request))
#39 C:/Users/SPARK COMPUTERS MART/Videos/Ethiopian-academy-football-management-system/Ethiopian-academy-football-management-system/backend/public/index.php(18): Illuminate/Foundation/Http/Kernel->handle(Object(Illuminate/Http/Request))
#40 C:/Users/SPARK COMPUTERS MART/Videos/Ethiopian-academy-football-management-system/Ethiopian-academy-football-management-system/backend/vendor/laravel/framework/src/Illuminate/Foundation/resources/server.php(16): require_once('C://Users//SPARK ...')
#41 {main}
"} 
[2026-02-10 07:07:06] local.ERROR: Trying to access array offset on value of type null {"exception":"[object] (ErrorException(code: 0): Trying to access array offset on value of type null at C:/Users/SPARK COMPUTERS MART/Videos/Ethiopian-academy-football-management-system/Ethiopian-academy-football-management-system/backend/vendor/laravel/framework/src/Illuminate/Cookie/CookieServiceProvider.php:20)
[stacktrace]
#0 C:/Users/SPARK COMPUTERS MART/Videos/Ethiopian-academy-football-management-system/Ethiopian-academy-football-management-system/backend/vendor/laravel/framework/src/Illuminate/Foundation/Bootstrap/HandleExceptions.php(255): Illuminate/Foundation/Bootstrap/HandleExceptions->handleError(2, 'Trying to acces...', 'C://Users//SPARK ...', 20)
#1 C:/Users/SPARK COMPUTERS MART/Videos/Ethiopian-academy-football-management-system/Ethiopian-academy-football-management-system/backend/vendor/laravel/framework/src/Illuminate/Cookie/CookieServiceProvider.php(20): Illuminate/Foundation/Bootstrap/HandleExceptions->Illuminate/Foundation/Bootstrap/{closure}(2, 'Trying to acces...', 'C://Users//SPARK ...', 20)
#2 C:/Users/SPARK COMPUTERS MART/Videos/Ethiopian-academy-football-management-system/Ethiopian-academy-football-management-system/backend/vendor/laravel/framework/src/Illuminate/Container/Container.php(908): Illuminate/Cookie/CookieServiceProvider->Illuminate/Cookie/{closure}(Object(Illuminate/Foundation/Application), Array)
#3 C:/Users/SPARK COMPUTERS MART/Videos/Ethiopian-academy-football-management-system/Ethiopian-academy-football-management-system/backend/vendor/laravel/framework/src/Illuminate/Container/Container.php(795): Illuminate/Container/Container->build(Object(Closure))
#4 C:/Users/SPARK COMPUTERS MART/Videos/Ethiopian-academy-football-management-system/Ethiopian-academy-football-management-system/backend/vendor/laravel/framework/src/Illuminate/Foundation/Application.php(986): Illuminate/Container/Container->resolve('cookie', Array, true)
#5 C:/Users/SPARK COMPUTERS MART/Videos/Ethiopian-academy-football-management-system/Ethiopian-academy-football-management-system/backend/vendor/laravel/framework/src/Illuminate/Container/Container.php(731): Illuminate/Foundation/Application->resolve('cookie', Array)
#6 C:/Users/SPARK COMPUTERS MART/Videos/Ethiopian-academy-football-management-system/Ethiopian-academy-football-management-system/backend/vendor/laravel/framework/src/Illuminate/Foundation/Application.php(971): Illuminate/Container/Container->make('cookie', Array)
#7 C:/Users/SPARK COMPUTERS MART/Videos/Ethiopian-academy-football-management-system/Ethiopian-academy-football-management-system/backend/vendor/laravel/framework/src/Illuminate/Container/Container.php(1066): Illuminate/Foundation/Application->make('cookie')
#8 C:/Users/SPARK COMPUTERS MART/Videos/Ethiopian-academy-football-management-system/Ethiopian-academy-football-management-system/backend/vendor/laravel/framework/src/Illuminate/Container/Container.php(982): Illuminate/Container/Container->resolveClass(Object(ReflectionParameter))
#9 C:/Users/SPARK COMPUTERS MART/Videos/Ethiopian-academy-football-management-system/Ethiopian-academy-football-management-system/backend/vendor/laravel/framework/src/Illuminate/Container/Container.php(943): Illuminate/Container/Container->resolveDependencies(Array)
#10 C:/Users/SPARK COMPUTERS MART/Videos/Ethiopian-academy-football-management-system/Ethiopian-academy-football-management-system/backend/vendor/laravel/framework/src/Illuminate/Container/Container.php(795): Illuminate/Container/Container->build('Illuminate//Cook...')
#11 C:/Users/SPARK COMPUTERS MART/Videos/Ethiopian-academy-football-management-system/Ethiopian-academy-football-management-system/backend/vendor/laravel/framework/src/Illuminate/Foundation/Application.php(986): Illuminate/Container/Container->resolve('Illuminate//Cook...', Array, true)
#12 C:/Users/SPARK COMPUTERS MART/Videos/Ethiopian-academy-football-management-system/Ethiopian-academy-football-management-system/backend/vendor/laravel/framework/src/Illuminate/Container/Container.php(731): Illuminate/Foundation/Application->resolve('Illuminate//Cook...', Array)
#13 C:/Users/SPARK COMPUTERS MART/Videos/Ethiopian-academy-football-management-system/Ethiopian-academy-football-management-system/backend/vendor/laravel/framework/src/Illuminate/Foundation/Application.php(971): Illuminate/Container/Container->make('Illuminate//Cook...', Array)
#14 C:/Users/SPARK COMPUTERS MART/Videos/Ethiopian-academy-football-management-system/Ethiopian-academy-football-management-system/backend/vendor/laravel/framework/src/Illuminate/Pipeline/Pipeline.php(172): Illuminate/Foundation/Application->make('Illuminate//Cook...')
#15 C:/Users/SPARK COMPUTERS MART/Videos/Ethiopian-academy-football-management-system/Ethiopian-academy-football-management-system/backend/vendor/laravel/framework/src/Illuminate/Cookie/Middleware/EncryptCookies.php(67): Illuminate/Pipeline/Pipeline->Illuminate/Pipeline/{closure}(Object(Illuminate/Http/Request))
#16 C:/Users/SPARK COMPUTERS MART/Videos/Ethiopian-academy-football-management-system/Ethiopian-academy-football-management-system/backend/vendor/laravel/framework/src/Illuminate/Pipeline/Pipeline.php(183): Illuminate/Cookie/Middleware/EncryptCookies->handle(Object(Illuminate/Http/Request), Object(Closure))
#17 C:/Users/SPARK COMPUTERS MART/Videos/Ethiopian-academy-football-management-system/Ethiopian-academy-football-management-system/backend/vendor/laravel/framework/src/Illuminate/Pipeline/Pipeline.php(119): Illuminate/Pipeline/Pipeline->Illuminate/Pipeline/{closure}(Object(Illuminate/Http/Request))
#18 C:/Users/SPARK COMPUTERS MART/Videos/Ethiopian-academy-football-management-system/Ethiopian-academy-football-management-system/backend/vendor/laravel/framework/src/Illuminate/Routing/Router.php(807): Illuminate/Pipeline/Pipeline->then(Object(Closure))
#19 C:/Users/SPARK COMPUTERS MART/Videos/Ethiopian-academy-football-management-system/Ethiopian-academy-football-management-system/backend/vendor/laravel/framework/src/Illuminate/Routing/Router.php(784): Illuminate/Routing/Router->runRouteWithinStack(Object(Illuminate/Routing/Route), Object(Illuminate/Http/Request))
#20 C:/Users/SPARK COMPUTERS MART/Videos/Ethiopian-academy-football-management-system/Ethiopian-academy-football-management-system/backend/vendor/laravel/framework/src/Illuminate/Routing/Router.php(748): Illuminate/Routing/Router->runRoute(Object(Illuminate/Http/Request), Object(Illuminate/Routing/Route))
#21 C:/Users/SPARK COMPUTERS MART/Videos/Ethiopian-academy-football-management-system/Ethiopian-academy-football-management-system/backend/vendor/laravel/framework/src/Illuminate/Routing/Router.php(737): Illuminate/Routing/Router->dispatchToRoute(Object(Illuminate/Http/Request))
#22 C:/Users/SPARK COMPUTERS MART/Videos/Ethiopian-academy-football-management-system/Ethiopian-academy-football-management-system/backend/vendor/laravel/framework/src/Illuminate/Foundation/Http/Kernel.php(200): Illuminate/Routing/Router->dispatch(Object(Illuminate/Http/Request))
#23 C:/Users/SPARK COMPUTERS MART/Videos/Ethiopian-academy-football-management-system/Ethiopian-academy-football-management-system/backend/vendor/laravel/framework/src/Illuminate/Pipeline/Pipeline.php(144): Illuminate/Foundation/Http/Kernel->Illuminate/Foundation/Http/{closure}(Object(Illuminate/Http/Request))
#24 C:/Users/SPARK COMPUTERS MART/Videos/Ethiopian-academy-football-management-system/Ethiopian-academy-football-management-system/backend/vendor/laravel/framework/src/Illuminate/Foundation/Http/Middleware/TransformsRequest.php(21): Illuminate/Pipeline/Pipeline->Illuminate/Pipeline/{closure}(Object(Illuminate/Http/Request))
#25 C:/Users/SPARK COMPUTERS MART/Videos/Ethiopian-academy-football-management-system/Ethiopian-academy-football-management-system/backend/vendor/laravel/framework/src/Illuminate/Foundation/Http/Middleware/ConvertEmptyStringsToNull.php(31): Illuminate/Foundation/Http/Middleware/TransformsRequest->handle(Object(Illuminate/Http/Request), Object(Closure))
#26 C:/Users/SPARK COMPUTERS MART/Videos/Ethiopian-academy-football-management-system/Ethiopian-academy-football-management-system/backend/vendor/laravel/framework/src/Illuminate/Pipeline/Pipeline.php(183): Illuminate/Foundation/Http/Middleware/ConvertEmptyStringsToNull->handle(Object(Illuminate/Http/Request), Object(Closure))
#27 C:/Users/SPARK COMPUTERS MART/Videos/Ethiopian-academy-football-management-system/Ethiopian-academy-football-management-system/backend/vendor/laravel/framework/src/Illuminate/Foundation/Http/Middleware/TransformsRequest.php(21): Illuminate/Pipeline/Pipeline->Illuminate/Pipeline/{closure}(Object(Illuminate/Http/Request))
#28 C:/Users/SPARK COMPUTERS MART/Videos/Ethiopian-academy-football-management-system/Ethiopian-academy-football-management-system/backend/vendor/laravel/framework/src/Illuminate/Foundation/Http/Middleware/TrimStrings.php(40): Illuminate/Foundation/Http/Middleware/TransformsRequest->handle(Object(Illuminate/Http/Request), Object(Closure))
#29 C:/Users/SPARK COMPUTERS MART/Videos/Ethiopian-academy-football-management-system/Ethiopian-academy-football-management-system/backend/vendor/laravel/framework/src/Illuminate/Pipeline/Pipeline.php(183): Illuminate/Foundation/Http/Middleware/TrimStrings->handle(Object(Illuminate/Http/Request), Object(Closure))
#30 C:/Users/SPARK COMPUTERS MART/Videos/Ethiopian-academy-football-management-system/Ethiopian-academy-football-management-system/backend/vendor/laravel/framework/src/Illuminate/Foundation/Http/Middleware/ValidatePostSize.php(27): Illuminate/Pipeline/Pipeline->Illuminate/Pipeline/{closure}(Object(Illuminate/Http/Request))
#31 C:/Users/SPARK COMPUTERS MART/Videos/Ethiopian-academy-football-management-system/Ethiopian-academy-football-management-system/backend/vendor/laravel/framework/src/Illuminate/Pipeline/Pipeline.php(183): Illuminate/Foundation/Http/Middleware/ValidatePostSize->handle(Object(Illuminate/Http/Request), Object(Closure))
#32 C:/Users/SPARK COMPUTERS MART/Videos/Ethiopian-academy-football-management-system/Ethiopian-academy-football-management-system/backend/vendor/laravel/framework/src/Illuminate/Http/Middleware/HandleCors.php(49): Illuminate/Pipeline/Pipeline->Illuminate/Pipeline/{closure}(Object(Illuminate/Http/Request))
#33 C:/Users/SPARK COMPUTERS MART/Videos/Ethiopian-academy-football-management-system/Ethiopian-academy-football-management-system/backend/vendor/laravel/framework/src/Illuminate/Pipeline/Pipeline.php(183): Illuminate/Http/Middleware/HandleCors->handle(Object(Illuminate/Http/Request), Object(Closure))
#34 C:/Users/SPARK COMPUTERS MART/Videos/Ethiopian-academy-football-management-system/Ethiopian-academy-football-management-system/backend/vendor/laravel/framework/src/Illuminate/Http/Middleware/TrustProxies.php(39): Illuminate/Pipeline/Pipeline->Illuminate/Pipeline/{closure}(Object(Illuminate/Http/Request))
#35 C:/Users/SPARK COMPUTERS MART/Videos/Ethiopian-academy-football-management-system/Ethiopian-academy-football-management-system/backend/vendor/laravel/framework/src/Illuminate/Pipeline/Pipeline.php(183): Illuminate/Http/Middleware/TrustProxies->handle(Object(Illuminate/Http/Request), Object(Closure))
#36 C:/Users/SPARK COMPUTERS MART/Videos/Ethiopian-academy-football-management-system/Ethiopian-academy-football-management-system/backend/vendor/laravel/framework/src/Illuminate/Pipeline/Pipeline.php(119): Illuminate/Pipeline/Pipeline->Illuminate/Pipeline/{closure}(Object(Illuminate/Http/Request))
#37 C:/Users/SPARK COMPUTERS MART/Videos/Ethiopian-academy-football-management-system/Ethiopian-academy-football-management-system/backend/vendor/laravel/framework/src/Illuminate/Foundation/Http/Kernel.php(175): Illuminate/Pipeline/Pipeline->then(Object(Closure))
#38 C:/Users/SPARK COMPUTERS MART/Videos/Ethiopian-academy-football-management-system/Ethiopian-academy-football-management-system/backend/vendor/laravel/framework/src/Illuminate/Foundation/Http/Kernel.php(144): Illuminate/Foundation/Http/Kernel->sendRequestThroughRouter(Object(Illuminate/Http/Request))
#39 C:/Users/SPARK COMPUTERS MART/Videos/Ethiopian-academy-football-management-system/Ethiopian-academy-football-management-system/backend/public/index.php(18): Illuminate/Foundation/Http/Kernel->handle(Object(Illuminate/Http/Request))
#40 C:/Users/SPARK COMPUTERS MART/Videos/Ethiopian-academy-football-management-system/Ethiopian-academy-football-management-system/backend/vendor/laravel/framework/src/Illuminate/Foundation/resources/server.php(16): require_once('C://Users//SPARK ...')
#41 {main}
"} 
[2026-02-10 07:07:07] local.ERROR: Trying to access array offset on value of type null {"exception":"[object] (ErrorException(code: 0): Trying to access array offset on value of type null at C:/Users/SPARK COMPUTERS MART/Videos/Ethiopian-academy-football-management-system/Ethiopian-academy-football-management-system/backend/vendor/laravel/framework/src/Illuminate/Cookie/CookieServiceProvider.php:20)
[stacktrace]
#0 C:/Users/SPARK COMPUTERS MART/Videos/Ethiopian-academy-football-management-system/Ethiopian-academy-football-management-system/backend/vendor/laravel/framework/src/Illuminate/Foundation/Bootstrap/HandleExceptions.php(255): Illuminate/Foundation/Bootstrap/HandleExceptions->handleError(2, 'Trying to acces...', 'C://Users//SPARK ...', 20)
#1 C:/Users/SPARK COMPUTERS MART/Videos/Ethiopian-academy-football-management-system/Ethiopian-academy-football-management-system/backend/vendor/laravel/framework/src/Illuminate/Cookie/CookieServiceProvider.php(20): Illuminate/Foundation/Bootstrap/HandleExceptions->Illuminate/Foundation/Bootstrap/{closure}(2, 'Trying to acces...', 'C://Users//SPARK ...', 20)
#2 C:/Users/SPARK COMPUTERS MART/Videos/Ethiopian-academy-football-management-system/Ethiopian-academy-football-management-system/backend/vendor/laravel/framework/src/Illuminate/Container/Container.php(908): Illuminate/Cookie/CookieServiceProvider->Illuminate/Cookie/{closure}(Object(Illuminate/Foundation/Application), Array)
#3 C:/Users/SPARK COMPUTERS MART/Videos/Ethiopian-academy-football-management-system/Ethiopian-academy-football-management-system/backend/vendor/laravel/framework/src/Illuminate/Container/Container.php(795): Illuminate/Container/Container->build(Object(Closure))
#4 C:/Users/SPARK COMPUTERS MART/Videos/Ethiopian-academy-football-management-system/Ethiopian-academy-football-management-system/backend/vendor/laravel/framework/src/Illuminate/Foundation/Application.php(986): Illuminate/Container/Container->resolve('cookie', Array, true)
#5 C:/Users/SPARK COMPUTERS MART/Videos/Ethiopian-academy-football-management-system/Ethiopian-academy-football-management-system/backend/vendor/laravel/framework/src/Illuminate/Container/Container.php(731): Illuminate/Foundation/Application->resolve('cookie', Array)
#6 C:/Users/SPARK COMPUTERS MART/Videos/Ethiopian-academy-football-management-system/Ethiopian-academy-football-management-system/backend/vendor/laravel/framework/src/Illuminate/Foundation/Application.php(971): Illuminate/Container/Container->make('cookie', Array)
#7 C:/Users/SPARK COMPUTERS MART/Videos/Ethiopian-academy-football-management-system/Ethiopian-academy-football-management-system/backend/vendor/laravel/framework/src/Illuminate/Container/Container.php(1066): Illuminate/Foundation/Application->make('cookie')
#8 C:/Users/SPARK COMPUTERS MART/Videos/Ethiopian-academy-football-management-system/Ethiopian-academy-football-management-system/backend/vendor/laravel/framework/src/Illuminate/Container/Container.php(982): Illuminate/Container/Container->resolveClass(Object(ReflectionParameter))
#9 C:/Users/SPARK COMPUTERS MART/Videos/Ethiopian-academy-football-management-system/Ethiopian-academy-football-management-system/backend/vendor/laravel/framework/src/Illuminate/Container/Container.php(943): Illuminate/Container/Container->resolveDependencies(Array)
#10 C:/Users/SPARK COMPUTERS MART/Videos/Ethiopian-academy-football-management-system/Ethiopian-academy-football-management-system/backend/vendor/laravel/framework/src/Illuminate/Container/Container.php(795): Illuminate/Container/Container->build('Illuminate//Cook...')
#11 C:/Users/SPARK COMPUTERS MART/Videos/Ethiopian-academy-football-management-system/Ethiopian-academy-football-management-system/backend/vendor/laravel/framework/src/Illuminate/Foundation/Application.php(986): Illuminate/Container/Container->resolve('Illuminate//Cook...', Array, true)
#12 C:/Users/SPARK COMPUTERS MART/Videos/Ethiopian-academy-football-management-system/Ethiopian-academy-football-management-system/backend/vendor/laravel/framework/src/Illuminate/Container/Container.php(731): Illuminate/Foundation/Application->resolve('Illuminate//Cook...', Array)
#13 C:/Users/SPARK COMPUTERS MART/Videos/Ethiopian-academy-football-management-system/Ethiopian-academy-football-management-system/backend/vendor/laravel/framework/src/Illuminate/Foundation/Application.php(971): Illuminate/Container/Container->make('Illuminate//Cook...', Array)
#14 C:/Users/SPARK COMPUTERS MART/Videos/Ethiopian-academy-football-management-system/Ethiopian-academy-football-management-system/backend/vendor/laravel/framework/src/Illuminate/Pipeline/Pipeline.php(172): Illuminate/Foundation/Application->make('Illuminate//Cook...')
#15 C:/Users/SPARK COMPUTERS MART/Videos/Ethiopian-academy-football-management-system/Ethiopian-academy-football-management-system/backend/vendor/laravel/framework/src/Illuminate/Cookie/Middleware/EncryptCookies.php(67): Illuminate/Pipeline/Pipeline->Illuminate/Pipeline/{closure}(Object(Illuminate/Http/Request))
#16 C:/Users/SPARK COMPUTERS MART/Videos/Ethiopian-academy-football-management-system/Ethiopian-academy-football-management-system/backend/vendor/laravel/framework/src/Illuminate/Pipeline/Pipeline.php(183): Illuminate/Cookie/Middleware/EncryptCookies->handle(Object(Illuminate/Http/Request), Object(Closure))
#17 C:/Users/SPARK COMPUTERS MART/Videos/Ethiopian-academy-football-management-system/Ethiopian-academy-football-management-system/backend/vendor/laravel/framework/src/Illuminate/Pipeline/Pipeline.php(119): Illuminate/Pipeline/Pipeline->Illuminate/Pipeline/{closure}(Object(Illuminate/Http/Request))
#18 C:/Users/SPARK COMPUTERS MART/Videos/Ethiopian-academy-football-management-system/Ethiopian-academy-football-management-system/backend/vendor/laravel/framework/src/Illuminate/Routing/Router.php(807): Illuminate/Pipeline/Pipeline->then(Object(Closure))
#19 C:/Users/SPARK COMPUTERS MART/Videos/Ethiopian-academy-football-management-system/Ethiopian-academy-football-management-system/backend/vendor/laravel/framework/src/Illuminate/Routing/Router.php(784): Illuminate/Routing/Router->runRouteWithinStack(Object(Illuminate/Routing/Route), Object(Illuminate/Http/Request))
#20 C:/Users/SPARK COMPUTERS MART/Videos/Ethiopian-academy-football-management-system/Ethiopian-academy-football-management-system/backend/vendor/laravel/framework/src/Illuminate/Routing/Router.php(748): Illuminate/Routing/Router->runRoute(Object(Illuminate/Http/Request), Object(Illuminate/Routing/Route))
#21 C:/Users/SPARK COMPUTERS MART/Videos/Ethiopian-academy-football-management-system/Ethiopian-academy-football-management-system/backend/vendor/laravel/framework/src/Illuminate/Routing/Router.php(737): Illuminate/Routing/Router->dispatchToRoute(Object(Illuminate/Http/Request))
#22 C:/Users/SPARK COMPUTERS MART/Videos/Ethiopian-academy-football-management-system/Ethiopian-academy-football-management-system/backend/vendor/laravel/framework/src/Illuminate/Foundation/Http/Kernel.php(200): Illuminate/Routing/Router->dispatch(Object(Illuminate/Http/Request))
#23 C:/Users/SPARK COMPUTERS MART/Videos/Ethiopian-academy-football-management-system/Ethiopian-academy-football-management-system/backend/vendor/laravel/framework/src/Illuminate/Pipeline/Pipeline.php(144): Illuminate/Foundation/Http/Kernel->Illuminate/Foundation/Http/{closure}(Object(Illuminate/Http/Request))
#24 C:/Users/SPARK COMPUTERS MART/Videos/Ethiopian-academy-football-management-system/Ethiopian-academy-football-management-system/backend/vendor/laravel/framework/src/Illuminate/Foundation/Http/Middleware/TransformsRequest.php(21): Illuminate/Pipeline/Pipeline->Illuminate/Pipeline/{closure}(Object(Illuminate/Http/Request))
#25 C:/Users/SPARK COMPUTERS MART/Videos/Ethiopian-academy-football-management-system/Ethiopian-academy-football-management-system/backend/vendor/laravel/framework/src/Illuminate/Foundation/Http/Middleware/ConvertEmptyStringsToNull.php(31): Illuminate/Foundation/Http/Middleware/TransformsRequest->handle(Object(Illuminate/Http/Request), Object(Closure))
#26 C:/Users/SPARK COMPUTERS MART/Videos/Ethiopian-academy-football-management-system/Ethiopian-academy-football-management-system/backend/vendor/laravel/framework/src/Illuminate/Pipeline/Pipeline.php(183): Illuminate/Foundation/Http/Middleware/ConvertEmptyStringsToNull->handle(Object(Illuminate/Http/Request), Object(Closure))
#27 C:/Users/SPARK COMPUTERS MART/Videos/Ethiopian-academy-football-management-system/Ethiopian-academy-football-management-system/backend/vendor/laravel/framework/src/Illuminate/Foundation/Http/Middleware/TransformsRequest.php(21): Illuminate/Pipeline/Pipeline->Illuminate/Pipeline/{closure}(Object(Illuminate/Http/Request))
#28 C:/Users/SPARK COMPUTERS MART/Videos/Ethiopian-academy-football-management-system/Ethiopian-academy-football-management-system/backend/vendor/laravel/framework/src/Illuminate/Foundation/Http/Middleware/TrimStrings.php(40): Illuminate/Foundation/Http/Middleware/TransformsRequest->handle(Object(Illuminate/Http/Request), Object(Closure))
#29 C:/Users/SPARK COMPUTERS MART/Videos/Ethiopian-academy-football-management-system/Ethiopian-academy-football-management-system/backend/vendor/laravel/framework/src/Illuminate/Pipeline/Pipeline.php(183): Illuminate/Foundation/Http/Middleware/TrimStrings->handle(Object(Illuminate/Http/Request), Object(Closure))
#30 C:/Users/SPARK COMPUTERS MART/Videos/Ethiopian-academy-football-management-system/Ethiopian-academy-football-management-system/backend/vendor/laravel/framework/src/Illuminate/Foundation/Http/Middleware/ValidatePostSize.php(27): Illuminate/Pipeline/Pipeline->Illuminate/Pipeline/{closure}(Object(Illuminate/Http/Request))
#31 C:/Users/SPARK COMPUTERS MART/Videos/Ethiopian-academy-football-management-system/Ethiopian-academy-football-management-system/backend/vendor/laravel/framework/src/Illuminate/Pipeline/Pipeline.php(183): Illuminate/Foundation/Http/Middleware/ValidatePostSize->handle(Object(Illuminate/Http/Request), Object(Closure))
#32 C:/Users/SPARK COMPUTERS MART/Videos/Ethiopian-academy-football-management-system/Ethiopian-academy-football-management-system/backend/vendor/laravel/framework/src/Illuminate/Http/Middleware/HandleCors.php(49): Illuminate/Pipeline/Pipeline->Illuminate/Pipeline/{closure}(Object(Illuminate/Http/Request))
#33 C:/Users/SPARK COMPUTERS MART/Videos/Ethiopian-academy-football-management-system/Ethiopian-academy-football-management-system/backend/vendor/laravel/framework/src/Illuminate/Pipeline/Pipeline.php(183): Illuminate/Http/Middleware/HandleCors->handle(Object(Illuminate/Http/Request), Object(Closure))
#34 C:/Users/SPARK COMPUTERS MART/Videos/Ethiopian-academy-football-management-system/Ethiopian-academy-football-management-system/backend/vendor/laravel/framework/src/Illuminate/Http/Middleware/TrustProxies.php(39): Illuminate/Pipeline/Pipeline->Illuminate/Pipeline/{closure}(Object(Illuminate/Http/Request))
#35 C:/Users/SPARK COMPUTERS MART/Videos/Ethiopian-academy-football-management-system/Ethiopian-academy-football-management-system/backend/vendor/laravel/framework/src/Illuminate/Pipeline/Pipeline.php(183): Illuminate/Http/Middleware/TrustProxies->handle(Object(Illuminate/Http/Request), Object(Closure))
#36 C:/Users/SPARK COMPUTERS MART/Videos/Ethiopian-academy-football-management-system/Ethiopian-academy-football-management-system/backend/vendor/laravel/framework/src/Illuminate/Pipeline/Pipeline.php(119): Illuminate/Pipeline/Pipeline->Illuminate/Pipeline/{closure}(Object(Illuminate/Http/Request))
#37 C:/Users/SPARK COMPUTERS MART/Videos/Ethiopian-academy-football-management-system/Ethiopian-academy-football-management-system/backend/vendor/laravel/framework/src/Illuminate/Foundation/Http/Kernel.php(175): Illuminate/Pipeline/Pipeline->then(Object(Closure))
#38 C:/Users/SPARK COMPUTERS MART/Videos/Ethiopian-academy-football-management-system/Ethiopian-academy-football-management-system/backend/vendor/laravel/framework/src/Illuminate/Foundation/Http/Kernel.php(144): Illuminate/Foundation/Http/Kernel->sendRequestThroughRouter(Object(Illuminate/Http/Request))
#39 C:/Users/SPARK COMPUTERS MART/Videos/Ethiopian-academy-football-management-system/Ethiopian-academy-football-management-system/backend/public/index.php(18): Illuminate/Foundation/Http/Kernel->handle(Object(Illuminate/Http/Request))
#40 C:/Users/SPARK COMPUTERS MART/Videos/Ethiopian-academy-football-management-system/Ethiopian-academy-football-management-system/backend/vendor/laravel/framework/src/Illuminate/Foundation/resources/server.php(16): require_once('C://Users//SPARK ...')
#41 {main}
"} 
[2026-02-10 07:07:07] local.ERROR: Trying to access array offset on value of type null {"exception":"[object] (ErrorException(code: 0): Trying to access array offset on value of type null at C:/Users/SPARK COMPUTERS MART/Videos/Ethiopian-academy-football-management-system/Ethiopian-academy-football-management-system/backend/vendor/laravel/framework/src/Illuminate/Cookie/CookieServiceProvider.php:20)
[stacktrace]
#0 C:/Users/SPARK COMPUTERS MART/Videos/Ethiopian-academy-football-management-system/Ethiopian-academy-football-management-system/backend/vendor/laravel/framework/src/Illuminate/Foundation/Bootstrap/HandleExceptions.php(255): Illuminate/Foundation/Bootstrap/HandleExceptions->handleError(2, 'Trying to acces...', 'C://Users//SPARK ...', 20)
#1 C:/Users/SPARK COMPUTERS MART/Videos/Ethiopian-academy-football-management-system/Ethiopian-academy-football-management-system/backend/vendor/laravel/framework/src/Illuminate/Cookie/CookieServiceProvider.php(20): Illuminate/Foundation/Bootstrap/HandleExceptions->Illuminate/Foundation/Bootstrap/{closure}(2, 'Trying to acces...', 'C://Users//SPARK ...', 20)
#2 C:/Users/SPARK COMPUTERS MART/Videos/Ethiopian-academy-football-management-system/Ethiopian-academy-football-management-system/backend/vendor/laravel/framework/src/Illuminate/Container/Container.php(908): Illuminate/Cookie/CookieServiceProvider->Illuminate/Cookie/{closure}(Object(Illuminate/Foundation/Application), Array)
#3 C:/Users/SPARK COMPUTERS MART/Videos/Ethiopian-academy-football-management-system/Ethiopian-academy-football-management-system/backend/vendor/laravel/framework/src/Illuminate/Container/Container.php(795): Illuminate/Container/Container->build(Object(Closure))
#4 C:/Users/SPARK COMPUTERS MART/Videos/Ethiopian-academy-football-management-system/Ethiopian-academy-football-management-system/backend/vendor/laravel/framework/src/Illuminate/Foundation/Application.php(986): Illuminate/Container/Container->resolve('cookie', Array, true)
#5 C:/Users/SPARK COMPUTERS MART/Videos/Ethiopian-academy-football-management-system/Ethiopian-academy-football-management-system/backend/vendor/laravel/framework/src/Illuminate/Container/Container.php(731): Illuminate/Foundation/Application->resolve('cookie', Array)
#6 C:/Users/SPARK COMPUTERS MART/Videos/Ethiopian-academy-football-management-system/Ethiopian-academy-football-management-system/backend/vendor/laravel/framework/src/Illuminate/Foundation/Application.php(971): Illuminate/Container/Container->make('cookie', Array)
#7 C:/Users/SPARK COMPUTERS MART/Videos/Ethiopian-academy-football-management-system/Ethiopian-academy-football-management-system/backend/vendor/laravel/framework/src/Illuminate/Container/Container.php(1066): Illuminate/Foundation/Application->make('cookie')
#8 C:/Users/SPARK COMPUTERS MART/Videos/Ethiopian-academy-football-management-system/Ethiopian-academy-football-management-system/backend/vendor/laravel/framework/src/Illuminate/Container/Container.php(982): Illuminate/Container/Container->resolveClass(Object(ReflectionParameter))
#9 C:/Users/SPARK COMPUTERS MART/Videos/Ethiopian-academy-football-management-system/Ethiopian-academy-football-management-system/backend/vendor/laravel/framework/src/Illuminate/Container/Container.php(943): Illuminate/Container/Container->resolveDependencies(Array)
#10 C:/Users/SPARK COMPUTERS MART/Videos/Ethiopian-academy-football-management-system/Ethiopian-academy-football-management-system/backend/vendor/laravel/framework/src/Illuminate/Container/Container.php(795): Illuminate/Container/Container->build('Illuminate//Cook...')
#11 C:/Users/SPARK COMPUTERS MART/Videos/Ethiopian-academy-football-management-system/Ethiopian-academy-football-management-system/backend/vendor/laravel/framework/src/Illuminate/Foundation/Application.php(986): Illuminate/Container/Container->resolve('Illuminate//Cook...', Array, true)
#12 C:/Users/SPARK COMPUTERS MART/Videos/Ethiopian-academy-football-management-system/Ethiopian-academy-football-management-system/backend/vendor/laravel/framework/src/Illuminate/Container/Container.php(731): Illuminate/Foundation/Application->resolve('Illuminate//Cook...', Array)
#13 C:/Users/SPARK COMPUTERS MART/Videos/Ethiopian-academy-football-management-system/Ethiopian-academy-football-management-system/backend/vendor/laravel/framework/src/Illuminate/Foundation/Application.php(971): Illuminate/Container/Container->make('Illuminate//Cook...', Array)
#14 C:/Users/SPARK COMPUTERS MART/Videos/Ethiopian-academy-football-management-system/Ethiopian-academy-football-management-system/backend/vendor/laravel/framework/src/Illuminate/Foundation/Http/Kernel.php(255): Illuminate/Foundation/Application->make('Illuminate//Cook...')
#15 C:/Users/SPARK COMPUTERS MART/Videos/Ethiopian-academy-football-management-system/Ethiopian-academy-football-management-system/backend/vendor/laravel/framework/src/Illuminate/Foundation/Http/Kernel.php(213): Illuminate/Foundation/Http/Kernel->terminateMiddleware(Object(Illuminate/Http/Request), Object(Illuminate/Http/Response))
#16 C:/Users/SPARK COMPUTERS MART/Videos/Ethiopian-academy-football-management-system/Ethiopian-academy-football-management-system/backend/public/index.php(23): Illuminate/Foundation/Http/Kernel->terminate(Object(Illuminate/Http/Request), Object(Illuminate/Http/Response))
#17 C:/Users/SPARK COMPUTERS MART/Videos/Ethiopian-academy-football-management-system/Ethiopian-academy-football-management-system/backend/vendor/laravel/framework/src/Illuminate/Foundation/resources/server.php(16): require_once('C://Users//SPARK ...')
#18 {main}
"} 
[2026-02-10 07:07:13] local.ERROR: Illuminate\View\FileViewFinder::__construct(): Argument #2 ($paths) must be of type array, null given, called in C:\Users\SPARK COMPUTERS MART\Videos\Ethiopian-academy-football-management-system\Ethiopian-academy-football-management-system\backend\vendor\laravel\framework\src\Illuminate\View\ViewServiceProvider.php on line 85 {"exception":"[object] (TypeError(code: 0): Illuminate\\View\\FileViewFinder::__construct(): Argument #2 ($paths) must be of type array, null given, called in C:\\Users\\SPARK COMPUTERS MART\\Videos\\Ethiopian-academy-football-management-system\\Ethiopian-academy-football-management-system\\backend\\vendor\\laravel\\framework\\src\\Illuminate\\View\\ViewServiceProvider.php on line 85 at C:/Users/SPARK COMPUTERS MART/Videos/Ethiopian-academy-football-management-system/Ethiopian-academy-football-management-system/backend/vendor/laravel/framework/src/Illuminate/View/FileViewFinder.php:53)
[stacktrace]
#0 C:/Users/SPARK COMPUTERS MART/Videos/Ethiopian-academy-football-management-system/Ethiopian-academy-football-management-system/backend/vendor/laravel/framework/src/Illuminate/View/ViewServiceProvider.php(85): Illuminate/View/FileViewFinder->__construct(Object(Illuminate/Filesystem/Filesystem), NULL)
#1 C:/Users/SPARK COMPUTERS MART/Videos/Ethiopian-academy-football-management-system/Ethiopian-academy-football-management-system/backend/vendor/laravel/framework/src/Illuminate/Container/Container.php(908): Illuminate/View/ViewServiceProvider->Illuminate/View/{closure}(Object(Illuminate/Foundation/Application), Array)
#2 C:/Users/SPARK COMPUTERS MART/Videos/Ethiopian-academy-football-management-system/Ethiopian-academy-football-management-system/backend/vendor/laravel/framework/src/Illuminate/Container/Container.php(795): Illuminate/Container/Container->build(Object(Closure))
#3 C:/Users/SPARK COMPUTERS MART/Videos/Ethiopian-academy-football-management-system/Ethiopian-academy-football-management-system/backend/vendor/laravel/framework/src/Illuminate/Foundation/Application.php(986): Illuminate/Container/Container->resolve('view.finder', Array, true)
#4 C:/Users/SPARK COMPUTERS MART/Videos/Ethiopian-academy-football-management-system/Ethiopian-academy-football-management-system/backend/vendor/laravel/framework/src/Illuminate/Container/Container.php(731): Illuminate/Foundation/Application->resolve('view.finder', Array)
#5 C:/Users/SPARK COMPUTERS MART/Videos/Ethiopian-academy-football-management-system/Ethiopian-academy-football-management-system/backend/vendor/laravel/framework/src/Illuminate/Foundation/Application.php(971): Illuminate/Container/Container->make('view.finder', Array)
#6 C:/Users/SPARK COMPUTERS MART/Videos/Ethiopian-academy-football-management-system/Ethiopian-academy-football-management-system/backend/vendor/laravel/framework/src/Illuminate/Container/Container.php(1454): Illuminate/Foundation/Application->make('view.finder')
#7 C:/Users/SPARK COMPUTERS MART/Videos/Ethiopian-academy-football-management-system/Ethiopian-academy-football-management-system/backend/vendor/laravel/framework/src/Illuminate/View/ViewServiceProvider.php(45): Illuminate/Container/Container->offsetGet('view.finder')
#8 C:/Users/SPARK COMPUTERS MART/Videos/Ethiopian-academy-football-management-system/Ethiopian-academy-football-management-system/backend/vendor/laravel/framework/src/Illuminate/Container/Container.php(908): Illuminate/View/ViewServiceProvider->Illuminate/View/{closure}(Object(Illuminate/Foundation/Application), Array)
#9 C:/Users/SPARK COMPUTERS MART/Videos/Ethiopian-academy-football-management-system/Ethiopian-academy-football-management-system/backend/vendor/laravel/framework/src/Illuminate/Container/Container.php(795): Illuminate/Container/Container->build(Object(Closure))
#10 C:/Users/SPARK COMPUTERS MART/Videos/Ethiopian-academy-football-management-system/Ethiopian-academy-football-management-system/backend/vendor/laravel/framework/src/Illuminate/Foundation/Application.php(986): Illuminate/Container/Container->resolve('view', Array, true)
#11 C:/Users/SPARK COMPUTERS MART/Videos/Ethiopian-academy-football-management-system/Ethiopian-academy-football-management-system/backend/vendor/laravel/framework/src/Illuminate/Container/Container.php(731): Illuminate/Foundation/Application->resolve('view', Array)
#12 C:/Users/SPARK COMPUTERS MART/Videos/Ethiopian-academy-football-management-system/Ethiopian-academy-football-management-system/backend/vendor/laravel/framework/src/Illuminate/Foundation/Application.php(971): Illuminate/Container/Container->make('view', Array)
#13 C:/Users/SPARK COMPUTERS MART/Videos/Ethiopian-academy-football-management-system/Ethiopian-academy-football-management-system/backend/vendor/laravel/framework/src/Illuminate/Container/Container.php(1454): Illuminate/Foundation/Application->make('view')
#14 C:/Users/SPARK COMPUTERS MART/Videos/Ethiopian-academy-football-management-system/Ethiopian-academy-football-management-system/backend/vendor/laravel/framework/src/Illuminate/Support/Facades/Facade.php(237): Illuminate/Container/Container->offsetGet('view')
#15 C:/Users/SPARK COMPUTERS MART/Videos/Ethiopian-academy-football-management-system/Ethiopian-academy-football-management-system/backend/vendor/laravel/framework/src/Illuminate/Support/Facades/Facade.php(208): Illuminate/Support/Facades/Facade::resolveFacadeInstance('view')
#16 C:/Users/SPARK COMPUTERS MART/Videos/Ethiopian-academy-football-management-system/Ethiopian-academy-football-management-system/backend/vendor/laravel/framework/src/Illuminate/Support/Facades/Facade.php(349): Illuminate/Support/Facades/Facade::getFacadeRoot()
#17 C:/Users/SPARK COMPUTERS MART/Videos/Ethiopian-academy-football-management-system/Ethiopian-academy-football-management-system/backend/vendor/laravel/framework/src/Illuminate/Foundation/Exceptions/RegisterErrorViewPaths.php(18): Illuminate/Support/Facades/Facade::__callStatic('replaceNamespac...', Array)
#18 C:/Users/SPARK COMPUTERS MART/Videos/Ethiopian-academy-football-management-system/Ethiopian-academy-football-management-system/backend/vendor/laravel/framework/src/Illuminate/Foundation/Exceptions/Handler.php(744): Illuminate/Foundation/Exceptions/RegisterErrorViewPaths->__invoke()
#19 C:/Users/SPARK COMPUTERS MART/Videos/Ethiopian-academy-football-management-system/Ethiopian-academy-football-management-system/backend/vendor/laravel/framework/src/Illuminate/Foundation/Exceptions/Handler.php(719): Illuminate/Foundation/Exceptions/Handler->registerErrorViewPaths()
#20 C:/Users/SPARK COMPUTERS MART/Videos/Ethiopian-academy-football-management-system/Ethiopian-academy-football-management-system/backend/vendor/laravel/framework/src/Illuminate/Foundation/Exceptions/Handler.php(650): Illuminate/Foundation/Exceptions/Handler->renderHttpException(Object(Symfony/Component/HttpKernel/Exception/NotFoundHttpException))
#21 C:/Users/SPARK COMPUTERS MART/Videos/Ethiopian-academy-football-management-system/Ethiopian-academy-football-management-system/backend/vendor/laravel/framework/src/Illuminate/Foundation/Exceptions/Handler.php(556): Illuminate/Foundation/Exceptions/Handler->prepareResponse(Object(Illuminate/Http/Request), Object(Symfony/Component/HttpKernel/Exception/NotFoundHttpException))
#22 C:/Users/SPARK COMPUTERS MART/Videos/Ethiopian-academy-football-management-system/Ethiopian-academy-football-management-system/backend/vendor/laravel/framework/src/Illuminate/Foundation/Exceptions/Handler.php(473): Illuminate/Foundation/Exceptions/Handler->renderExceptionResponse(Object(Illuminate/Http/Request), Object(Symfony/Component/HttpKernel/Exception/NotFoundHttpException))
#23 C:/Users/SPARK COMPUTERS MART/Videos/Ethiopian-academy-football-management-system/Ethiopian-academy-football-management-system/backend/vendor/laravel/framework/src/Illuminate/Routing/Pipeline.php(51): Illuminate/Foundation/Exceptions/Handler->render(Object(Illuminate/Http/Request), Object(Symfony/Component/HttpKernel/Exception/NotFoundHttpException))
#24 C:/Users/SPARK COMPUTERS MART/Videos/Ethiopian-academy-football-management-system/Ethiopian-academy-football-management-system/backend/vendor/laravel/framework/src/Illuminate/Pipeline/Pipeline.php(146): Illuminate/Routing/Pipeline->handleException(Object(Illuminate/Http/Request), Object(Symfony/Component/HttpKernel/Exception/NotFoundHttpException))
#25 C:/Users/SPARK COMPUTERS MART/Videos/Ethiopian-academy-football-management-system/Ethiopian-academy-football-management-system/backend/vendor/laravel/framework/src/Illuminate/Foundation/Http/Middleware/TransformsRequest.php(21): Illuminate/Pipeline/Pipeline->Illuminate/Pipeline/{closure}(Object(Illuminate/Http/Request))
#26 C:/Users/SPARK COMPUTERS MART/Videos/Ethiopian-academy-football-management-system/Ethiopian-academy-football-management-system/backend/vendor/laravel/framework/src/Illuminate/Foundation/Http/Middleware/ConvertEmptyStringsToNull.php(31): Illuminate/Foundation/Http/Middleware/TransformsRequest->handle(Object(Illuminate/Http/Request), Object(Closure))
#27 C:/Users/SPARK COMPUTERS MART/Videos/Ethiopian-academy-football-management-system/Ethiopian-academy-football-management-system/backend/vendor/laravel/framework/src/Illuminate/Pipeline/Pipeline.php(183): Illuminate/Foundation/Http/Middleware/ConvertEmptyStringsToNull->handle(Object(Illuminate/Http/Request), Object(Closure))
#28 C:/Users/SPARK COMPUTERS MART/Videos/Ethiopian-academy-football-management-system/Ethiopian-academy-football-management-system/backend/vendor/laravel/framework/src/Illuminate/Foundation/Http/Middleware/TransformsRequest.php(21): Illuminate/Pipeline/Pipeline->Illuminate/Pipeline/{closure}(Object(Illuminate/Http/Request))
#29 C:/Users/SPARK COMPUTERS MART/Videos/Ethiopian-academy-football-management-system/Ethiopian-academy-football-management-system/backend/vendor/laravel/framework/src/Illuminate/Foundation/Http/Middleware/TrimStrings.php(40): Illuminate/Foundation/Http/Middleware/TransformsRequest->handle(Object(Illuminate/Http/Request), Object(Closure))
#30 C:/Users/SPARK COMPUTERS MART/Videos/Ethiopian-academy-football-management-system/Ethiopian-academy-football-management-system/backend/vendor/laravel/framework/src/Illuminate/Pipeline/Pipeline.php(183): Illuminate/Foundation/Http/Middleware/TrimStrings->handle(Object(Illuminate/Http/Request), Object(Closure))
#31 C:/Users/SPARK COMPUTERS MART/Videos/Ethiopian-academy-football-management-system/Ethiopian-academy-football-management-system/backend/vendor/laravel/framework/src/Illuminate/Foundation/Http/Middleware/ValidatePostSize.php(27): Illuminate/Pipeline/Pipeline->Illuminate/Pipeline/{closure}(Object(Illuminate/Http/Request))
#32 C:/Users/SPARK COMPUTERS MART/Videos/Ethiopian-academy-football-management-system/Ethiopian-academy-football-management-system/backend/vendor/laravel/framework/src/Illuminate/Pipeline/Pipeline.php(183): Illuminate/Foundation/Http/Middleware/ValidatePostSize->handle(Object(Illuminate/Http/Request), Object(Closure))
#33 C:/Users/SPARK COMPUTERS MART/Videos/Ethiopian-academy-football-management-system/Ethiopian-academy-football-management-system/backend/vendor/laravel/framework/src/Illuminate/Http/Middleware/HandleCors.php(49): Illuminate/Pipeline/Pipeline->Illuminate/Pipeline/{closure}(Object(Illuminate/Http/Request))
#34 C:/Users/SPARK COMPUTERS MART/Videos/Ethiopian-academy-football-management-system/Ethiopian-academy-football-management-system/backend/vendor/laravel/framework/src/Illuminate/Pipeline/Pipeline.php(183): Illuminate/Http/Middleware/HandleCors->handle(Object(Illuminate/Http/Request), Object(Closure))
#35 C:/Users/SPARK COMPUTERS MART/Videos/Ethiopian-academy-football-management-system/Ethiopian-academy-football-management-system/backend/vendor/laravel/framework/src/Illuminate/Http/Middleware/TrustProxies.php(39): Illuminate/Pipeline/Pipeline->Illuminate/Pipeline/{closure}(Object(Illuminate/Http/Request))
#36 C:/Users/SPARK COMPUTERS MART/Videos/Ethiopian-academy-football-management-system/Ethiopian-academy-football-management-system/backend/vendor/laravel/framework/src/Illuminate/Pipeline/Pipeline.php(183): Illuminate/Http/Middleware/TrustProxies->handle(Object(Illuminate/Http/Request), Object(Closure))
#37 C:/Users/SPARK COMPUTERS MART/Videos/Ethiopian-academy-football-management-system/Ethiopian-academy-football-management-system/backend/vendor/laravel/framework/src/Illuminate/Pipeline/Pipeline.php(119): Illuminate/Pipeline/Pipeline->Illuminate/Pipeline/{closure}(Object(Illuminate/Http/Request))
#38 C:/Users/SPARK COMPUTERS MART/Videos/Ethiopian-academy-football-management-system/Ethiopian-academy-football-management-system/backend/vendor/laravel/framework/src/Illuminate/Foundation/Http/Kernel.php(175): Illuminate/Pipeline/Pipeline->then(Object(Closure))
#39 C:/Users/SPARK COMPUTERS MART/Videos/Ethiopian-academy-football-management-system/Ethiopian-academy-football-management-system/backend/vendor/laravel/framework/src/Illuminate/Foundation/Http/Kernel.php(144): Illuminate/Foundation/Http/Kernel->sendRequestThroughRouter(Object(Illuminate/Http/Request))
#40 C:/Users/SPARK COMPUTERS MART/Videos/Ethiopian-academy-football-management-system/Ethiopian-academy-football-management-system/backend/public/index.php(18): Illuminate/Foundation/Http/Kernel->handle(Object(Illuminate/Http/Request))
#41 C:/Users/SPARK COMPUTERS MART/Videos/Ethiopian-academy-football-management-system/Ethiopian-academy-football-management-system/backend/vendor/laravel/framework/src/Illuminate/Foundation/resources/server.php(16): require_once('C://Users//SPARK ...')
#42 {main}
"} 
